[0.199s] DEBUG:colcon:Command line arguments: ['/usr/bin/colcon', 'build']
[0.199s] DEBUG:colcon:Parsed command line arguments: Namespace(allow_overriding=[], ament_cmake_args=None, base_paths=['.'], build_base='build', catkin_cmake_args=None, catkin_skip_building_tests=False, cmake_args=None, cmake_clean_cache=False, cmake_clean_first=False, cmake_force_configure=False, cmake_target=None, cmake_target_skip_unavailable=False, continue_on_error=False, event_handlers=None, executor='parallel', ignore_user_meta=False, install_base='install', log_base=None, log_level=None, main=<bound method BuildVerb.main of <colcon_core.verb.build.BuildVerb object at 0x7f1aec47a970>>, merge_install=False, metas=['./colcon.meta'], packages_above=None, packages_above_and_dependencies=None, packages_above_depth=None, packages_end=None, packages_ignore=None, packages_ignore_regex=None, packages_select=None, packages_select_build_failed=False, packages_select_by_dep=None, packages_select_regex=None, packages_select_test_failures=False, packages_skip=None, packages_skip_build_finished=False, packages_skip_by_dep=None, packages_skip_regex=None, packages_skip_test_passed=False, packages_skip_up_to=None, packages_start=None, packages_up_to=None, packages_up_to_regex=None, parallel_workers=16, paths=None, symlink_install=False, test_result_base=None, verb_extension=<colcon_core.verb.build.BuildVerb object at 0x7f1aec47a970>, verb_name='build', verb_parser=<colcon_defaults.argument_parser.defaults.DefaultArgumentsDecorator object at 0x7f1aec47aee0>)
[0.229s] Level 1:colcon.colcon_core.package_discovery:discover_packages(colcon_meta) check parameters
[0.229s] Level 1:colcon.colcon_core.package_discovery:discover_packages(recursive) check parameters
[0.229s] Level 1:colcon.colcon_core.package_discovery:discover_packages(ignore) check parameters
[0.229s] Level 1:colcon.colcon_core.package_discovery:discover_packages(path) check parameters
[0.229s] Level 1:colcon.colcon_core.package_discovery:discover_packages(colcon_meta) discover
[0.230s] Level 1:colcon.colcon_core.package_discovery:discover_packages(recursive) discover
[0.230s] INFO:colcon.colcon_core.package_discovery:Crawling recursively for packages in '/home/eirik/ROS_PROJECTS/ROS_car_project'
[0.230s] Level 1:colcon.colcon_core.package_identification:_identify(.) by extensions ['ignore', 'ignore_ament_install']
[0.230s] Level 1:colcon.colcon_core.package_identification:_identify(.) by extension 'ignore'
[0.230s] Level 1:colcon.colcon_core.package_identification:_identify(.) by extension 'ignore_ament_install'
[0.230s] Level 1:colcon.colcon_core.package_identification:_identify(.) by extensions ['colcon_pkg']
[0.230s] Level 1:colcon.colcon_core.package_identification:_identify(.) by extension 'colcon_pkg'
[0.230s] Level 1:colcon.colcon_core.package_identification:_identify(.) by extensions ['colcon_meta']
[0.230s] Level 1:colcon.colcon_core.package_identification:_identify(.) by extension 'colcon_meta'
[0.230s] Level 1:colcon.colcon_core.package_identification:_identify(.) by extensions ['ros']
[0.230s] Level 1:colcon.colcon_core.package_identification:_identify(.) by extension 'ros'
[0.255s] Level 1:colcon.colcon_core.package_identification:_identify(.) by extensions ['cmake', 'python']
[0.255s] Level 1:colcon.colcon_core.package_identification:_identify(.) by extension 'cmake'
[0.255s] Level 1:colcon.colcon_core.package_identification:_identify(.) by extension 'python'
[0.255s] Level 1:colcon.colcon_core.package_identification:_identify(.) by extensions ['python_setup_py']
[0.255s] Level 1:colcon.colcon_core.package_identification:_identify(.) by extension 'python_setup_py'
[0.256s] Level 1:colcon.colcon_core.package_identification:_identify(build) by extensions ['ignore', 'ignore_ament_install']
[0.256s] Level 1:colcon.colcon_core.package_identification:_identify(build) by extension 'ignore'
[0.256s] Level 1:colcon.colcon_core.package_identification:_identify(build) ignored
[0.256s] Level 1:colcon.colcon_core.package_identification:_identify(install) by extensions ['ignore', 'ignore_ament_install']
[0.256s] Level 1:colcon.colcon_core.package_identification:_identify(install) by extension 'ignore'
[0.256s] Level 1:colcon.colcon_core.package_identification:_identify(install) ignored
[0.256s] Level 1:colcon.colcon_core.package_identification:_identify(lane_detection) by extensions ['ignore', 'ignore_ament_install']
[0.256s] Level 1:colcon.colcon_core.package_identification:_identify(lane_detection) by extension 'ignore'
[0.256s] Level 1:colcon.colcon_core.package_identification:_identify(lane_detection) by extension 'ignore_ament_install'
[0.256s] Level 1:colcon.colcon_core.package_identification:_identify(lane_detection) by extensions ['colcon_pkg']
[0.256s] Level 1:colcon.colcon_core.package_identification:_identify(lane_detection) by extension 'colcon_pkg'
[0.257s] Level 1:colcon.colcon_core.package_identification:_identify(lane_detection) by extensions ['colcon_meta']
[0.257s] Level 1:colcon.colcon_core.package_identification:_identify(lane_detection) by extension 'colcon_meta'
[0.257s] Level 1:colcon.colcon_core.package_identification:_identify(lane_detection) by extensions ['ros']
[0.257s] Level 1:colcon.colcon_core.package_identification:_identify(lane_detection) by extension 'ros'
[0.257s] Level 1:colcon.colcon_core.package_identification:_identify(lane_detection) by extensions ['cmake', 'python']
[0.257s] Level 1:colcon.colcon_core.package_identification:_identify(lane_detection) by extension 'cmake'
[0.257s] Level 1:colcon.colcon_core.package_identification:_identify(lane_detection) by extension 'python'
[0.257s] Level 1:colcon.colcon_core.package_identification:_identify(lane_detection) by extensions ['python_setup_py']
[0.257s] Level 1:colcon.colcon_core.package_identification:_identify(lane_detection) by extension 'python_setup_py'
[0.257s] Level 1:colcon.colcon_core.package_identification:_identify(lane_detection/__pycache__) by extensions ['ignore', 'ignore_ament_install']
[0.257s] Level 1:colcon.colcon_core.package_identification:_identify(lane_detection/__pycache__) by extension 'ignore'
[0.257s] Level 1:colcon.colcon_core.package_identification:_identify(lane_detection/__pycache__) by extension 'ignore_ament_install'
[0.257s] Level 1:colcon.colcon_core.package_identification:_identify(lane_detection/__pycache__) by extensions ['colcon_pkg']
[0.257s] Level 1:colcon.colcon_core.package_identification:_identify(lane_detection/__pycache__) by extension 'colcon_pkg'
[0.257s] Level 1:colcon.colcon_core.package_identification:_identify(lane_detection/__pycache__) by extensions ['colcon_meta']
[0.257s] Level 1:colcon.colcon_core.package_identification:_identify(lane_detection/__pycache__) by extension 'colcon_meta'
[0.257s] Level 1:colcon.colcon_core.package_identification:_identify(lane_detection/__pycache__) by extensions ['ros']
[0.258s] Level 1:colcon.colcon_core.package_identification:_identify(lane_detection/__pycache__) by extension 'ros'
[0.258s] Level 1:colcon.colcon_core.package_identification:_identify(lane_detection/__pycache__) by extensions ['cmake', 'python']
[0.258s] Level 1:colcon.colcon_core.package_identification:_identify(lane_detection/__pycache__) by extension 'cmake'
[0.258s] Level 1:colcon.colcon_core.package_identification:_identify(lane_detection/__pycache__) by extension 'python'
[0.258s] Level 1:colcon.colcon_core.package_identification:_identify(lane_detection/__pycache__) by extensions ['python_setup_py']
[0.258s] Level 1:colcon.colcon_core.package_identification:_identify(lane_detection/__pycache__) by extension 'python_setup_py'
[0.258s] Level 1:colcon.colcon_core.package_identification:_identify(lane_detection/devel) by extensions ['ignore', 'ignore_ament_install']
[0.258s] Level 1:colcon.colcon_core.package_identification:_identify(lane_detection/devel) by extension 'ignore'
[0.258s] Level 1:colcon.colcon_core.package_identification:_identify(lane_detection/devel) by extension 'ignore_ament_install'
[0.258s] Level 1:colcon.colcon_core.package_identification:_identify(lane_detection/devel) by extensions ['colcon_pkg']
[0.258s] Level 1:colcon.colcon_core.package_identification:_identify(lane_detection/devel) by extension 'colcon_pkg'
[0.258s] Level 1:colcon.colcon_core.package_identification:_identify(lane_detection/devel) by extensions ['colcon_meta']
[0.258s] Level 1:colcon.colcon_core.package_identification:_identify(lane_detection/devel) by extension 'colcon_meta'
[0.258s] Level 1:colcon.colcon_core.package_identification:_identify(lane_detection/devel) by extensions ['ros']
[0.258s] Level 1:colcon.colcon_core.package_identification:_identify(lane_detection/devel) by extension 'ros'
[0.258s] Level 1:colcon.colcon_core.package_identification:_identify(lane_detection/devel) by extensions ['cmake', 'python']
[0.258s] Level 1:colcon.colcon_core.package_identification:_identify(lane_detection/devel) by extension 'cmake'
[0.259s] Level 1:colcon.colcon_core.package_identification:_identify(lane_detection/devel) by extension 'python'
[0.259s] Level 1:colcon.colcon_core.package_identification:_identify(lane_detection/devel) by extensions ['python_setup_py']
[0.259s] Level 1:colcon.colcon_core.package_identification:_identify(lane_detection/devel) by extension 'python_setup_py'
[0.259s] Level 1:colcon.colcon_core.package_identification:_identify(log) by extensions ['ignore', 'ignore_ament_install']
[0.259s] Level 1:colcon.colcon_core.package_identification:_identify(log) by extension 'ignore'
[0.259s] Level 1:colcon.colcon_core.package_identification:_identify(log) ignored
[0.259s] Level 1:colcon.colcon_core.package_identification:_identify(src) by extensions ['ignore', 'ignore_ament_install']
[0.259s] Level 1:colcon.colcon_core.package_identification:_identify(src) by extension 'ignore'
[0.259s] Level 1:colcon.colcon_core.package_identification:_identify(src) by extension 'ignore_ament_install'
[0.259s] Level 1:colcon.colcon_core.package_identification:_identify(src) by extensions ['colcon_pkg']
[0.259s] Level 1:colcon.colcon_core.package_identification:_identify(src) by extension 'colcon_pkg'
[0.259s] Level 1:colcon.colcon_core.package_identification:_identify(src) by extensions ['colcon_meta']
[0.259s] Level 1:colcon.colcon_core.package_identification:_identify(src) by extension 'colcon_meta'
[0.259s] Level 1:colcon.colcon_core.package_identification:_identify(src) by extensions ['ros']
[0.260s] Level 1:colcon.colcon_core.package_identification:_identify(src) by extension 'ros'
[0.260s] Level 1:colcon.colcon_core.package_identification:_identify(src) by extensions ['cmake', 'python']
[0.260s] Level 1:colcon.colcon_core.package_identification:_identify(src) by extension 'cmake'
[0.260s] Level 1:colcon.colcon_core.package_identification:_identify(src) by extension 'python'
[0.260s] Level 1:colcon.colcon_core.package_identification:_identify(src) by extensions ['python_setup_py']
[0.260s] Level 1:colcon.colcon_core.package_identification:_identify(src) by extension 'python_setup_py'
[0.260s] Level 1:colcon.colcon_core.package_identification:_identify(src/snapping_turtle) by extensions ['ignore', 'ignore_ament_install']
[0.260s] Level 1:colcon.colcon_core.package_identification:_identify(src/snapping_turtle) by extension 'ignore'
[0.260s] Level 1:colcon.colcon_core.package_identification:_identify(src/snapping_turtle) by extension 'ignore_ament_install'
[0.260s] Level 1:colcon.colcon_core.package_identification:_identify(src/snapping_turtle) by extensions ['colcon_pkg']
[0.260s] Level 1:colcon.colcon_core.package_identification:_identify(src/snapping_turtle) by extension 'colcon_pkg'
[0.260s] Level 1:colcon.colcon_core.package_identification:_identify(src/snapping_turtle) by extensions ['colcon_meta']
[0.260s] Level 1:colcon.colcon_core.package_identification:_identify(src/snapping_turtle) by extension 'colcon_meta'
[0.260s] Level 1:colcon.colcon_core.package_identification:_identify(src/snapping_turtle) by extensions ['ros']
[0.260s] Level 1:colcon.colcon_core.package_identification:_identify(src/snapping_turtle) by extension 'ros'
[0.263s] DEBUG:colcon.colcon_core.package_identification:Package 'src/snapping_turtle' with type 'ros.ament_python' and name 'snapping_turtle'
[0.263s] Level 1:colcon.colcon_core.package_identification:_identify(src/snapping_turtle_2) by extensions ['ignore', 'ignore_ament_install']
[0.264s] Level 1:colcon.colcon_core.package_identification:_identify(src/snapping_turtle_2) by extension 'ignore'
[0.264s] Level 1:colcon.colcon_core.package_identification:_identify(src/snapping_turtle_2) by extension 'ignore_ament_install'
[0.264s] Level 1:colcon.colcon_core.package_identification:_identify(src/snapping_turtle_2) by extensions ['colcon_pkg']
[0.264s] Level 1:colcon.colcon_core.package_identification:_identify(src/snapping_turtle_2) by extension 'colcon_pkg'
[0.264s] Level 1:colcon.colcon_core.package_identification:_identify(src/snapping_turtle_2) by extensions ['colcon_meta']
[0.264s] Level 1:colcon.colcon_core.package_identification:_identify(src/snapping_turtle_2) by extension 'colcon_meta'
[0.264s] Level 1:colcon.colcon_core.package_identification:_identify(src/snapping_turtle_2) by extensions ['ros']
[0.264s] Level 1:colcon.colcon_core.package_identification:_identify(src/snapping_turtle_2) by extension 'ros'
[0.265s] DEBUG:colcon.colcon_core.package_identification:Package 'src/snapping_turtle_2' with type 'ros.ament_python' and name 'snapping_turtle_2'
[0.265s] Level 1:colcon.colcon_core.package_identification:_identify(src/turtlebot) by extensions ['ignore', 'ignore_ament_install']
[0.265s] Level 1:colcon.colcon_core.package_identification:_identify(src/turtlebot) by extension 'ignore'
[0.265s] Level 1:colcon.colcon_core.package_identification:_identify(src/turtlebot) by extension 'ignore_ament_install'
[0.265s] Level 1:colcon.colcon_core.package_identification:_identify(src/turtlebot) by extensions ['colcon_pkg']
[0.265s] Level 1:colcon.colcon_core.package_identification:_identify(src/turtlebot) by extension 'colcon_pkg'
[0.265s] Level 1:colcon.colcon_core.package_identification:_identify(src/turtlebot) by extensions ['colcon_meta']
[0.265s] Level 1:colcon.colcon_core.package_identification:_identify(src/turtlebot) by extension 'colcon_meta'
[0.265s] Level 1:colcon.colcon_core.package_identification:_identify(src/turtlebot) by extensions ['ros']
[0.265s] Level 1:colcon.colcon_core.package_identification:_identify(src/turtlebot) by extension 'ros'
[0.266s] DEBUG:colcon.colcon_core.package_identification:Package 'src/turtlebot' with type 'ros.ament_python' and name 'turtlebot'
[0.266s] Level 1:colcon.colcon_core.package_identification:_identify(src/turtlebot3_antmobile) by extensions ['ignore', 'ignore_ament_install']
[0.266s] Level 1:colcon.colcon_core.package_identification:_identify(src/turtlebot3_antmobile) by extension 'ignore'
[0.266s] Level 1:colcon.colcon_core.package_identification:_identify(src/turtlebot3_antmobile) by extension 'ignore_ament_install'
[0.266s] Level 1:colcon.colcon_core.package_identification:_identify(src/turtlebot3_antmobile) by extensions ['colcon_pkg']
[0.266s] Level 1:colcon.colcon_core.package_identification:_identify(src/turtlebot3_antmobile) by extension 'colcon_pkg'
[0.266s] Level 1:colcon.colcon_core.package_identification:_identify(src/turtlebot3_antmobile) by extensions ['colcon_meta']
[0.266s] Level 1:colcon.colcon_core.package_identification:_identify(src/turtlebot3_antmobile) by extension 'colcon_meta'
[0.266s] Level 1:colcon.colcon_core.package_identification:_identify(src/turtlebot3_antmobile) by extensions ['ros']
[0.266s] Level 1:colcon.colcon_core.package_identification:_identify(src/turtlebot3_antmobile) by extension 'ros'
[0.267s] DEBUG:colcon.colcon_core.package_identification:Package 'src/turtlebot3_antmobile' with type 'ros.ament_python' and name 'turtlebot3_antmobile'
[0.267s] Level 1:colcon.colcon_core.package_discovery:discover_packages(recursive) using defaults
[0.267s] Level 1:colcon.colcon_core.package_discovery:discover_packages(ignore) discover
[0.267s] Level 1:colcon.colcon_core.package_discovery:discover_packages(ignore) using defaults
[0.267s] Level 1:colcon.colcon_core.package_discovery:discover_packages(path) discover
[0.267s] Level 1:colcon.colcon_core.package_discovery:discover_packages(path) using defaults
[0.292s] Level 1:colcon.colcon_core.package_discovery:discover_packages(prefix_path) check parameters
[0.292s] Level 1:colcon.colcon_core.package_discovery:discover_packages(prefix_path) discover
[0.293s] WARNING:colcon.colcon_core.prefix_path.colcon:The path '/home/eirik/colcon_ws/install' in the environment variable COLCON_PREFIX_PATH doesn't exist
[0.295s] DEBUG:colcon.colcon_installed_package_information.package_discovery:Found 4 installed packages in /home/eirik/ROS_PROJECTS/ROS_car_project/install
[0.298s] DEBUG:colcon.colcon_installed_package_information.package_discovery:Found 335 installed packages in /opt/ros/foxy
[0.301s] Level 1:colcon.colcon_core.package_discovery:discover_packages(prefix_path) using defaults
[0.400s] Level 5:colcon.colcon_core.verb:set package 'snapping_turtle' build argument 'cmake_args' from command line to 'None'
[0.400s] Level 5:colcon.colcon_core.verb:set package 'snapping_turtle' build argument 'cmake_target' from command line to 'None'
[0.400s] Level 5:colcon.colcon_core.verb:set package 'snapping_turtle' build argument 'cmake_target_skip_unavailable' from command line to 'False'
[0.400s] Level 5:colcon.colcon_core.verb:set package 'snapping_turtle' build argument 'cmake_clean_cache' from command line to 'False'
[0.400s] Level 5:colcon.colcon_core.verb:set package 'snapping_turtle' build argument 'cmake_clean_first' from command line to 'False'
[0.400s] Level 5:colcon.colcon_core.verb:set package 'snapping_turtle' build argument 'cmake_force_configure' from command line to 'False'
[0.400s] Level 5:colcon.colcon_core.verb:set package 'snapping_turtle' build argument 'ament_cmake_args' from command line to 'None'
[0.400s] Level 5:colcon.colcon_core.verb:set package 'snapping_turtle' build argument 'catkin_cmake_args' from command line to 'None'
[0.400s] Level 5:colcon.colcon_core.verb:set package 'snapping_turtle' build argument 'catkin_skip_building_tests' from command line to 'False'
[0.400s] DEBUG:colcon.colcon_core.verb:Building package 'snapping_turtle' with the following arguments: {'ament_cmake_args': None, 'build_base': '/home/eirik/ROS_PROJECTS/ROS_car_project/build/snapping_turtle', 'catkin_cmake_args': None, 'catkin_skip_building_tests': False, 'cmake_args': None, 'cmake_clean_cache': False, 'cmake_clean_first': False, 'cmake_force_configure': False, 'cmake_target': None, 'cmake_target_skip_unavailable': False, 'install_base': '/home/eirik/ROS_PROJECTS/ROS_car_project/install/snapping_turtle', 'merge_install': False, 'path': '/home/eirik/ROS_PROJECTS/ROS_car_project/src/snapping_turtle', 'symlink_install': False, 'test_result_base': None}
[0.402s] Level 5:colcon.colcon_core.verb:set package 'snapping_turtle_2' build argument 'cmake_args' from command line to 'None'
[0.402s] Level 5:colcon.colcon_core.verb:set package 'snapping_turtle_2' build argument 'cmake_target' from command line to 'None'
[0.402s] Level 5:colcon.colcon_core.verb:set package 'snapping_turtle_2' build argument 'cmake_target_skip_unavailable' from command line to 'False'
[0.402s] Level 5:colcon.colcon_core.verb:set package 'snapping_turtle_2' build argument 'cmake_clean_cache' from command line to 'False'
[0.402s] Level 5:colcon.colcon_core.verb:set package 'snapping_turtle_2' build argument 'cmake_clean_first' from command line to 'False'
[0.402s] Level 5:colcon.colcon_core.verb:set package 'snapping_turtle_2' build argument 'cmake_force_configure' from command line to 'False'
[0.402s] Level 5:colcon.colcon_core.verb:set package 'snapping_turtle_2' build argument 'ament_cmake_args' from command line to 'None'
[0.402s] Level 5:colcon.colcon_core.verb:set package 'snapping_turtle_2' build argument 'catkin_cmake_args' from command line to 'None'
[0.402s] Level 5:colcon.colcon_core.verb:set package 'snapping_turtle_2' build argument 'catkin_skip_building_tests' from command line to 'False'
[0.402s] DEBUG:colcon.colcon_core.verb:Building package 'snapping_turtle_2' with the following arguments: {'ament_cmake_args': None, 'build_base': '/home/eirik/ROS_PROJECTS/ROS_car_project/build/snapping_turtle_2', 'catkin_cmake_args': None, 'catkin_skip_building_tests': False, 'cmake_args': None, 'cmake_clean_cache': False, 'cmake_clean_first': False, 'cmake_force_configure': False, 'cmake_target': None, 'cmake_target_skip_unavailable': False, 'install_base': '/home/eirik/ROS_PROJECTS/ROS_car_project/install/snapping_turtle_2', 'merge_install': False, 'path': '/home/eirik/ROS_PROJECTS/ROS_car_project/src/snapping_turtle_2', 'symlink_install': False, 'test_result_base': None}
[0.403s] Level 5:colcon.colcon_core.verb:set package 'turtlebot' build argument 'cmake_args' from command line to 'None'
[0.403s] Level 5:colcon.colcon_core.verb:set package 'turtlebot' build argument 'cmake_target' from command line to 'None'
[0.403s] Level 5:colcon.colcon_core.verb:set package 'turtlebot' build argument 'cmake_target_skip_unavailable' from command line to 'False'
[0.403s] Level 5:colcon.colcon_core.verb:set package 'turtlebot' build argument 'cmake_clean_cache' from command line to 'False'
[0.403s] Level 5:colcon.colcon_core.verb:set package 'turtlebot' build argument 'cmake_clean_first' from command line to 'False'
[0.404s] Level 5:colcon.colcon_core.verb:set package 'turtlebot' build argument 'cmake_force_configure' from command line to 'False'
[0.404s] Level 5:colcon.colcon_core.verb:set package 'turtlebot' build argument 'ament_cmake_args' from command line to 'None'
[0.404s] Level 5:colcon.colcon_core.verb:set package 'turtlebot' build argument 'catkin_cmake_args' from command line to 'None'
[0.404s] Level 5:colcon.colcon_core.verb:set package 'turtlebot' build argument 'catkin_skip_building_tests' from command line to 'False'
[0.404s] DEBUG:colcon.colcon_core.verb:Building package 'turtlebot' with the following arguments: {'ament_cmake_args': None, 'build_base': '/home/eirik/ROS_PROJECTS/ROS_car_project/build/turtlebot', 'catkin_cmake_args': None, 'catkin_skip_building_tests': False, 'cmake_args': None, 'cmake_clean_cache': False, 'cmake_clean_first': False, 'cmake_force_configure': False, 'cmake_target': None, 'cmake_target_skip_unavailable': False, 'install_base': '/home/eirik/ROS_PROJECTS/ROS_car_project/install/turtlebot', 'merge_install': False, 'path': '/home/eirik/ROS_PROJECTS/ROS_car_project/src/turtlebot', 'symlink_install': False, 'test_result_base': None}
[0.405s] Level 5:colcon.colcon_core.verb:set package 'turtlebot3_antmobile' build argument 'cmake_args' from command line to 'None'
[0.405s] Level 5:colcon.colcon_core.verb:set package 'turtlebot3_antmobile' build argument 'cmake_target' from command line to 'None'
[0.405s] Level 5:colcon.colcon_core.verb:set package 'turtlebot3_antmobile' build argument 'cmake_target_skip_unavailable' from command line to 'False'
[0.405s] Level 5:colcon.colcon_core.verb:set package 'turtlebot3_antmobile' build argument 'cmake_clean_cache' from command line to 'False'
[0.405s] Level 5:colcon.colcon_core.verb:set package 'turtlebot3_antmobile' build argument 'cmake_clean_first' from command line to 'False'
[0.405s] Level 5:colcon.colcon_core.verb:set package 'turtlebot3_antmobile' build argument 'cmake_force_configure' from command line to 'False'
[0.405s] Level 5:colcon.colcon_core.verb:set package 'turtlebot3_antmobile' build argument 'ament_cmake_args' from command line to 'None'
[0.405s] Level 5:colcon.colcon_core.verb:set package 'turtlebot3_antmobile' build argument 'catkin_cmake_args' from command line to 'None'
[0.405s] Level 5:colcon.colcon_core.verb:set package 'turtlebot3_antmobile' build argument 'catkin_skip_building_tests' from command line to 'False'
[0.405s] DEBUG:colcon.colcon_core.verb:Building package 'turtlebot3_antmobile' with the following arguments: {'ament_cmake_args': None, 'build_base': '/home/eirik/ROS_PROJECTS/ROS_car_project/build/turtlebot3_antmobile', 'catkin_cmake_args': None, 'catkin_skip_building_tests': False, 'cmake_args': None, 'cmake_clean_cache': False, 'cmake_clean_first': False, 'cmake_force_configure': False, 'cmake_target': None, 'cmake_target_skip_unavailable': False, 'install_base': '/home/eirik/ROS_PROJECTS/ROS_car_project/install/turtlebot3_antmobile', 'merge_install': False, 'path': '/home/eirik/ROS_PROJECTS/ROS_car_project/src/turtlebot3_antmobile', 'symlink_install': False, 'test_result_base': None}
[0.406s] INFO:colcon.colcon_core.executor:Executing jobs using 'parallel' executor
[0.412s] DEBUG:colcon.colcon_parallel_executor.executor.parallel:run_until_complete
[0.412s] INFO:colcon.colcon_ros.task.ament_python.build:Building ROS package in '/home/eirik/ROS_PROJECTS/ROS_car_project/src/snapping_turtle' with build type 'ament_python'
[0.412s] Level 1:colcon.colcon_core.shell:create_environment_hook('snapping_turtle', 'ament_prefix_path')
[0.418s] INFO:colcon.colcon_core.plugin_system:Skipping extension 'colcon_core.shell.bat': Not used on non-Windows systems
[0.418s] INFO:colcon.colcon_core.shell:Creating environment hook '/home/eirik/ROS_PROJECTS/ROS_car_project/install/snapping_turtle/share/snapping_turtle/hook/ament_prefix_path.ps1'
[0.419s] INFO:colcon.colcon_core.shell:Creating environment descriptor '/home/eirik/ROS_PROJECTS/ROS_car_project/install/snapping_turtle/share/snapping_turtle/hook/ament_prefix_path.dsv'
[0.420s] INFO:colcon.colcon_core.shell:Creating environment hook '/home/eirik/ROS_PROJECTS/ROS_car_project/install/snapping_turtle/share/snapping_turtle/hook/ament_prefix_path.sh'
[0.422s] INFO:colcon.colcon_core.shell:Skip shell extension 'powershell' for command environment: Not usable outside of PowerShell
[0.422s] DEBUG:colcon.colcon_core.shell:Skip shell extension 'dsv' for command environment
[0.430s] INFO:colcon.colcon_ros.task.ament_python.build:Building ROS package in '/home/eirik/ROS_PROJECTS/ROS_car_project/src/snapping_turtle_2' with build type 'ament_python'
[0.431s] Level 1:colcon.colcon_core.shell:create_environment_hook('snapping_turtle_2', 'ament_prefix_path')
[0.434s] INFO:colcon.colcon_core.shell:Creating environment hook '/home/eirik/ROS_PROJECTS/ROS_car_project/install/snapping_turtle_2/share/snapping_turtle_2/hook/ament_prefix_path.ps1'
[0.435s] INFO:colcon.colcon_core.shell:Creating environment descriptor '/home/eirik/ROS_PROJECTS/ROS_car_project/install/snapping_turtle_2/share/snapping_turtle_2/hook/ament_prefix_path.dsv'
[0.436s] INFO:colcon.colcon_core.shell:Creating environment hook '/home/eirik/ROS_PROJECTS/ROS_car_project/install/snapping_turtle_2/share/snapping_turtle_2/hook/ament_prefix_path.sh'
[0.439s] INFO:colcon.colcon_core.shell:Skip shell extension 'powershell' for command environment: Not usable outside of PowerShell
[0.439s] DEBUG:colcon.colcon_core.shell:Skip shell extension 'dsv' for command environment
[0.449s] INFO:colcon.colcon_ros.task.ament_python.build:Building ROS package in '/home/eirik/ROS_PROJECTS/ROS_car_project/src/turtlebot' with build type 'ament_python'
[0.450s] Level 1:colcon.colcon_core.shell:create_environment_hook('turtlebot', 'ament_prefix_path')
[0.451s] INFO:colcon.colcon_core.shell:Creating environment hook '/home/eirik/ROS_PROJECTS/ROS_car_project/install/turtlebot/share/turtlebot/hook/ament_prefix_path.ps1'
[0.452s] INFO:colcon.colcon_core.shell:Creating environment descriptor '/home/eirik/ROS_PROJECTS/ROS_car_project/install/turtlebot/share/turtlebot/hook/ament_prefix_path.dsv'
[0.453s] INFO:colcon.colcon_core.shell:Creating environment hook '/home/eirik/ROS_PROJECTS/ROS_car_project/install/turtlebot/share/turtlebot/hook/ament_prefix_path.sh'
[0.455s] INFO:colcon.colcon_core.shell:Skip shell extension 'powershell' for command environment: Not usable outside of PowerShell
[0.455s] DEBUG:colcon.colcon_core.shell:Skip shell extension 'dsv' for command environment
[0.463s] INFO:colcon.colcon_ros.task.ament_python.build:Building ROS package in '/home/eirik/ROS_PROJECTS/ROS_car_project/src/turtlebot3_antmobile' with build type 'ament_python'
[0.463s] Level 1:colcon.colcon_core.shell:create_environment_hook('turtlebot3_antmobile', 'ament_prefix_path')
[0.466s] INFO:colcon.colcon_core.shell:Creating environment hook '/home/eirik/ROS_PROJECTS/ROS_car_project/install/turtlebot3_antmobile/share/turtlebot3_antmobile/hook/ament_prefix_path.ps1'
[0.466s] INFO:colcon.colcon_core.shell:Creating environment descriptor '/home/eirik/ROS_PROJECTS/ROS_car_project/install/turtlebot3_antmobile/share/turtlebot3_antmobile/hook/ament_prefix_path.dsv'
[0.467s] INFO:colcon.colcon_core.shell:Creating environment hook '/home/eirik/ROS_PROJECTS/ROS_car_project/install/turtlebot3_antmobile/share/turtlebot3_antmobile/hook/ament_prefix_path.sh'
[0.469s] INFO:colcon.colcon_core.shell:Skip shell extension 'powershell' for command environment: Not usable outside of PowerShell
[0.469s] DEBUG:colcon.colcon_core.shell:Skip shell extension 'dsv' for command environment
[0.768s] INFO:colcon.colcon_core.task.python.build:Building Python package in '/home/eirik/ROS_PROJECTS/ROS_car_project/src/snapping_turtle'
[0.771s] INFO:colcon.colcon_core.shell:Skip shell extension 'powershell' for command environment: Not usable outside of PowerShell
[0.771s] DEBUG:colcon.colcon_core.shell:Skip shell extension 'dsv' for command environment
[1.066s] INFO:colcon.colcon_core.task.python.build:Building Python package in '/home/eirik/ROS_PROJECTS/ROS_car_project/src/snapping_turtle_2'
[1.070s] INFO:colcon.colcon_core.shell:Skip shell extension 'powershell' for command environment: Not usable outside of PowerShell
[1.070s] DEBUG:colcon.colcon_core.shell:Skip shell extension 'dsv' for command environment
[1.360s] INFO:colcon.colcon_core.task.python.build:Building Python package in '/home/eirik/ROS_PROJECTS/ROS_car_project/src/turtlebot'
[1.362s] INFO:colcon.colcon_core.shell:Skip shell extension 'powershell' for command environment: Not usable outside of PowerShell
[1.362s] DEBUG:colcon.colcon_core.shell:Skip shell extension 'dsv' for command environment
[1.666s] INFO:colcon.colcon_core.task.python.build:Building Python package in '/home/eirik/ROS_PROJECTS/ROS_car_project/src/turtlebot3_antmobile'
[1.669s] INFO:colcon.colcon_core.shell:Skip shell extension 'powershell' for command environment: Not usable outside of PowerShell
[1.670s] DEBUG:colcon.colcon_core.shell:Skip shell extension 'dsv' for command environment
[2.184s] DEBUG:colcon.colcon_core.event_handler.log_command:Invoking command in '/home/eirik/ROS_PROJECTS/ROS_car_project/src/snapping_turtle_2': PYTHONPATH=/home/eirik/ROS_PROJECTS/ROS_car_project/install/snapping_turtle_2/lib/python3.8/site-packages:${PYTHONPATH} /usr/bin/python3 setup.py egg_info --egg-base ../../build/snapping_turtle_2 build --build-base /home/eirik/ROS_PROJECTS/ROS_car_project/build/snapping_turtle_2/build install --prefix /home/eirik/ROS_PROJECTS/ROS_car_project/install/snapping_turtle_2 --record /home/eirik/ROS_PROJECTS/ROS_car_project/build/snapping_turtle_2/install.log --single-version-externally-managed
[2.201s] DEBUG:colcon.colcon_core.event_handler.log_command:Invoking command in '/home/eirik/ROS_PROJECTS/ROS_car_project/src/snapping_turtle': PYTHONPATH=/home/eirik/ROS_PROJECTS/ROS_car_project/install/snapping_turtle/lib/python3.8/site-packages:${PYTHONPATH} /usr/bin/python3 setup.py egg_info --egg-base ../../build/snapping_turtle build --build-base /home/eirik/ROS_PROJECTS/ROS_car_project/build/snapping_turtle/build install --prefix /home/eirik/ROS_PROJECTS/ROS_car_project/install/snapping_turtle --record /home/eirik/ROS_PROJECTS/ROS_car_project/build/snapping_turtle/install.log --single-version-externally-managed
[2.207s] DEBUG:colcon.colcon_core.event_handler.log_command:Invoking command in '/home/eirik/ROS_PROJECTS/ROS_car_project/src/turtlebot3_antmobile': PYTHONPATH=/home/eirik/ROS_PROJECTS/ROS_car_project/install/turtlebot3_antmobile/lib/python3.8/site-packages:${PYTHONPATH} /usr/bin/python3 setup.py egg_info --egg-base ../../build/turtlebot3_antmobile build --build-base /home/eirik/ROS_PROJECTS/ROS_car_project/build/turtlebot3_antmobile/build install --prefix /home/eirik/ROS_PROJECTS/ROS_car_project/install/turtlebot3_antmobile --record /home/eirik/ROS_PROJECTS/ROS_car_project/build/turtlebot3_antmobile/install.log --single-version-externally-managed
[2.213s] DEBUG:colcon.colcon_core.event_handler.log_command:Invoking command in '/home/eirik/ROS_PROJECTS/ROS_car_project/src/turtlebot': PYTHONPATH=/home/eirik/ROS_PROJECTS/ROS_car_project/install/turtlebot/lib/python3.8/site-packages:${PYTHONPATH} /usr/bin/python3 setup.py egg_info --egg-base ../../build/turtlebot build --build-base /home/eirik/ROS_PROJECTS/ROS_car_project/build/turtlebot/build install --prefix /home/eirik/ROS_PROJECTS/ROS_car_project/install/turtlebot --record /home/eirik/ROS_PROJECTS/ROS_car_project/build/turtlebot/install.log --single-version-externally-managed
[2.577s] DEBUG:colcon.colcon_core.event_handler.log_command:Invoked command in '/home/eirik/ROS_PROJECTS/ROS_car_project/src/snapping_turtle_2' returned '0': PYTHONPATH=/home/eirik/ROS_PROJECTS/ROS_car_project/install/snapping_turtle_2/lib/python3.8/site-packages:${PYTHONPATH} /usr/bin/python3 setup.py egg_info --egg-base ../../build/snapping_turtle_2 build --build-base /home/eirik/ROS_PROJECTS/ROS_car_project/build/snapping_turtle_2/build install --prefix /home/eirik/ROS_PROJECTS/ROS_car_project/install/snapping_turtle_2 --record /home/eirik/ROS_PROJECTS/ROS_car_project/build/snapping_turtle_2/install.log --single-version-externally-managed
[2.587s] Level 1:colcon.colcon_core.environment:checking '/home/eirik/ROS_PROJECTS/ROS_car_project/install/snapping_turtle_2' for CMake module files
[2.587s] Level 1:colcon.colcon_core.environment:checking '/home/eirik/ROS_PROJECTS/ROS_car_project/install/snapping_turtle_2' for CMake config files
[2.588s] Level 1:colcon.colcon_core.environment:checking '/home/eirik/ROS_PROJECTS/ROS_car_project/install/snapping_turtle_2/lib'
[2.589s] Level 1:colcon.colcon_core.environment:checking '/home/eirik/ROS_PROJECTS/ROS_car_project/install/snapping_turtle_2/bin'
[2.589s] Level 1:colcon.colcon_core.environment:checking '/home/eirik/ROS_PROJECTS/ROS_car_project/install/snapping_turtle_2/lib/pkgconfig/snapping_turtle_2.pc'
[2.589s] Level 1:colcon.colcon_core.environment:checking '/home/eirik/ROS_PROJECTS/ROS_car_project/install/snapping_turtle_2/lib/python3.8/site-packages'
[2.589s] Level 1:colcon.colcon_core.shell:create_environment_hook('snapping_turtle_2', 'pythonpath')
[2.591s] INFO:colcon.colcon_core.shell:Creating environment hook '/home/eirik/ROS_PROJECTS/ROS_car_project/install/snapping_turtle_2/share/snapping_turtle_2/hook/pythonpath.ps1'
[2.592s] INFO:colcon.colcon_core.shell:Creating environment descriptor '/home/eirik/ROS_PROJECTS/ROS_car_project/install/snapping_turtle_2/share/snapping_turtle_2/hook/pythonpath.dsv'
[2.592s] INFO:colcon.colcon_core.shell:Creating environment hook '/home/eirik/ROS_PROJECTS/ROS_car_project/install/snapping_turtle_2/share/snapping_turtle_2/hook/pythonpath.sh'
[2.593s] Level 1:colcon.colcon_core.environment:checking '/home/eirik/ROS_PROJECTS/ROS_car_project/install/snapping_turtle_2/bin'
[2.593s] Level 1:colcon.colcon_core.environment:create_environment_scripts_only(snapping_turtle_2)
[2.595s] INFO:colcon.colcon_core.shell:Creating package script '/home/eirik/ROS_PROJECTS/ROS_car_project/install/snapping_turtle_2/share/snapping_turtle_2/package.ps1'
[2.596s] INFO:colcon.colcon_core.shell:Creating package descriptor '/home/eirik/ROS_PROJECTS/ROS_car_project/install/snapping_turtle_2/share/snapping_turtle_2/package.dsv'
[2.597s] INFO:colcon.colcon_core.shell:Creating package script '/home/eirik/ROS_PROJECTS/ROS_car_project/install/snapping_turtle_2/share/snapping_turtle_2/package.sh'
[2.598s] INFO:colcon.colcon_core.shell:Creating package script '/home/eirik/ROS_PROJECTS/ROS_car_project/install/snapping_turtle_2/share/snapping_turtle_2/package.bash'
[2.599s] INFO:colcon.colcon_core.shell:Creating package script '/home/eirik/ROS_PROJECTS/ROS_car_project/install/snapping_turtle_2/share/snapping_turtle_2/package.zsh'
[2.600s] Level 1:colcon.colcon_core.environment:create_file_with_runtime_dependencies(/home/eirik/ROS_PROJECTS/ROS_car_project/install/snapping_turtle_2/share/colcon-core/packages/snapping_turtle_2)
[2.604s] Level 1:colcon.colcon_core.environment:checking '/home/eirik/ROS_PROJECTS/ROS_car_project/install/snapping_turtle' for CMake module files
[2.605s] Level 1:colcon.colcon_core.environment:checking '/home/eirik/ROS_PROJECTS/ROS_car_project/install/snapping_turtle' for CMake config files
[2.607s] DEBUG:colcon.colcon_core.event_handler.log_command:Invoked command in '/home/eirik/ROS_PROJECTS/ROS_car_project/src/snapping_turtle' returned '0': PYTHONPATH=/home/eirik/ROS_PROJECTS/ROS_car_project/install/snapping_turtle/lib/python3.8/site-packages:${PYTHONPATH} /usr/bin/python3 setup.py egg_info --egg-base ../../build/snapping_turtle build --build-base /home/eirik/ROS_PROJECTS/ROS_car_project/build/snapping_turtle/build install --prefix /home/eirik/ROS_PROJECTS/ROS_car_project/install/snapping_turtle --record /home/eirik/ROS_PROJECTS/ROS_car_project/build/snapping_turtle/install.log --single-version-externally-managed
[2.607s] Level 1:colcon.colcon_core.environment:checking '/home/eirik/ROS_PROJECTS/ROS_car_project/install/snapping_turtle/lib'
[2.608s] Level 1:colcon.colcon_core.environment:checking '/home/eirik/ROS_PROJECTS/ROS_car_project/install/snapping_turtle/bin'
[2.608s] Level 1:colcon.colcon_core.environment:checking '/home/eirik/ROS_PROJECTS/ROS_car_project/install/snapping_turtle/lib/pkgconfig/snapping_turtle.pc'
[2.608s] Level 1:colcon.colcon_core.environment:checking '/home/eirik/ROS_PROJECTS/ROS_car_project/install/snapping_turtle/lib/python3.8/site-packages'
[2.608s] Level 1:colcon.colcon_core.shell:create_environment_hook('snapping_turtle', 'pythonpath')
[2.610s] INFO:colcon.colcon_core.shell:Creating environment hook '/home/eirik/ROS_PROJECTS/ROS_car_project/install/snapping_turtle/share/snapping_turtle/hook/pythonpath.ps1'
[2.610s] INFO:colcon.colcon_core.shell:Creating environment descriptor '/home/eirik/ROS_PROJECTS/ROS_car_project/install/snapping_turtle/share/snapping_turtle/hook/pythonpath.dsv'
[2.611s] INFO:colcon.colcon_core.shell:Creating environment hook '/home/eirik/ROS_PROJECTS/ROS_car_project/install/snapping_turtle/share/snapping_turtle/hook/pythonpath.sh'
[2.612s] Level 1:colcon.colcon_core.environment:checking '/home/eirik/ROS_PROJECTS/ROS_car_project/install/snapping_turtle/bin'
[2.612s] Level 1:colcon.colcon_core.environment:create_environment_scripts_only(snapping_turtle)
[2.614s] INFO:colcon.colcon_core.shell:Creating package script '/home/eirik/ROS_PROJECTS/ROS_car_project/install/snapping_turtle/share/snapping_turtle/package.ps1'
[2.615s] INFO:colcon.colcon_core.shell:Creating package descriptor '/home/eirik/ROS_PROJECTS/ROS_car_project/install/snapping_turtle/share/snapping_turtle/package.dsv'
[2.616s] INFO:colcon.colcon_core.shell:Creating package script '/home/eirik/ROS_PROJECTS/ROS_car_project/install/snapping_turtle/share/snapping_turtle/package.sh'
[2.617s] INFO:colcon.colcon_core.shell:Creating package script '/home/eirik/ROS_PROJECTS/ROS_car_project/install/snapping_turtle/share/snapping_turtle/package.bash'
[2.617s] INFO:colcon.colcon_core.shell:Creating package script '/home/eirik/ROS_PROJECTS/ROS_car_project/install/snapping_turtle/share/snapping_turtle/package.zsh'
[2.618s] Level 1:colcon.colcon_core.environment:create_file_with_runtime_dependencies(/home/eirik/ROS_PROJECTS/ROS_car_project/install/snapping_turtle/share/colcon-core/packages/snapping_turtle)
[2.638s] Level 1:colcon.colcon_core.environment:checking '/home/eirik/ROS_PROJECTS/ROS_car_project/install/turtlebot3_antmobile' for CMake module files
[2.639s] DEBUG:colcon.colcon_core.event_handler.log_command:Invoked command in '/home/eirik/ROS_PROJECTS/ROS_car_project/src/turtlebot3_antmobile' returned '0': PYTHONPATH=/home/eirik/ROS_PROJECTS/ROS_car_project/install/turtlebot3_antmobile/lib/python3.8/site-packages:${PYTHONPATH} /usr/bin/python3 setup.py egg_info --egg-base ../../build/turtlebot3_antmobile build --build-base /home/eirik/ROS_PROJECTS/ROS_car_project/build/turtlebot3_antmobile/build install --prefix /home/eirik/ROS_PROJECTS/ROS_car_project/install/turtlebot3_antmobile --record /home/eirik/ROS_PROJECTS/ROS_car_project/build/turtlebot3_antmobile/install.log --single-version-externally-managed
[2.639s] Level 1:colcon.colcon_core.environment:checking '/home/eirik/ROS_PROJECTS/ROS_car_project/install/turtlebot3_antmobile' for CMake config files
[2.640s] Level 1:colcon.colcon_core.environment:checking '/home/eirik/ROS_PROJECTS/ROS_car_project/install/turtlebot3_antmobile/lib'
[2.640s] Level 1:colcon.colcon_core.environment:checking '/home/eirik/ROS_PROJECTS/ROS_car_project/install/turtlebot3_antmobile/bin'
[2.640s] Level 1:colcon.colcon_core.environment:checking '/home/eirik/ROS_PROJECTS/ROS_car_project/install/turtlebot3_antmobile/lib/pkgconfig/turtlebot3_antmobile.pc'
[2.640s] Level 1:colcon.colcon_core.environment:checking '/home/eirik/ROS_PROJECTS/ROS_car_project/install/turtlebot3_antmobile/lib/python3.8/site-packages'
[2.640s] Level 1:colcon.colcon_core.shell:create_environment_hook('turtlebot3_antmobile', 'pythonpath')
[2.642s] INFO:colcon.colcon_core.shell:Creating environment hook '/home/eirik/ROS_PROJECTS/ROS_car_project/install/turtlebot3_antmobile/share/turtlebot3_antmobile/hook/pythonpath.ps1'
[2.642s] INFO:colcon.colcon_core.shell:Creating environment descriptor '/home/eirik/ROS_PROJECTS/ROS_car_project/install/turtlebot3_antmobile/share/turtlebot3_antmobile/hook/pythonpath.dsv'
[2.643s] INFO:colcon.colcon_core.shell:Creating environment hook '/home/eirik/ROS_PROJECTS/ROS_car_project/install/turtlebot3_antmobile/share/turtlebot3_antmobile/hook/pythonpath.sh'
[2.643s] Level 1:colcon.colcon_core.environment:checking '/home/eirik/ROS_PROJECTS/ROS_car_project/install/turtlebot3_antmobile/bin'
[2.644s] Level 1:colcon.colcon_core.environment:create_environment_scripts_only(turtlebot3_antmobile)
[2.646s] INFO:colcon.colcon_core.shell:Creating package script '/home/eirik/ROS_PROJECTS/ROS_car_project/install/turtlebot3_antmobile/share/turtlebot3_antmobile/package.ps1'
[2.647s] INFO:colcon.colcon_core.shell:Creating package descriptor '/home/eirik/ROS_PROJECTS/ROS_car_project/install/turtlebot3_antmobile/share/turtlebot3_antmobile/package.dsv'
[2.648s] INFO:colcon.colcon_core.shell:Creating package script '/home/eirik/ROS_PROJECTS/ROS_car_project/install/turtlebot3_antmobile/share/turtlebot3_antmobile/package.sh'
[2.648s] INFO:colcon.colcon_core.shell:Creating package script '/home/eirik/ROS_PROJECTS/ROS_car_project/install/turtlebot3_antmobile/share/turtlebot3_antmobile/package.bash'
[2.649s] INFO:colcon.colcon_core.shell:Creating package script '/home/eirik/ROS_PROJECTS/ROS_car_project/install/turtlebot3_antmobile/share/turtlebot3_antmobile/package.zsh'
[2.649s] Level 1:colcon.colcon_core.environment:create_file_with_runtime_dependencies(/home/eirik/ROS_PROJECTS/ROS_car_project/install/turtlebot3_antmobile/share/colcon-core/packages/turtlebot3_antmobile)
[2.652s] Level 1:colcon.colcon_core.environment:checking '/home/eirik/ROS_PROJECTS/ROS_car_project/install/turtlebot' for CMake module files
[2.653s] DEBUG:colcon.colcon_core.event_handler.log_command:Invoked command in '/home/eirik/ROS_PROJECTS/ROS_car_project/src/turtlebot' returned '0': PYTHONPATH=/home/eirik/ROS_PROJECTS/ROS_car_project/install/turtlebot/lib/python3.8/site-packages:${PYTHONPATH} /usr/bin/python3 setup.py egg_info --egg-base ../../build/turtlebot build --build-base /home/eirik/ROS_PROJECTS/ROS_car_project/build/turtlebot/build install --prefix /home/eirik/ROS_PROJECTS/ROS_car_project/install/turtlebot --record /home/eirik/ROS_PROJECTS/ROS_car_project/build/turtlebot/install.log --single-version-externally-managed
[2.654s] Level 1:colcon.colcon_core.environment:checking '/home/eirik/ROS_PROJECTS/ROS_car_project/install/turtlebot' for CMake config files
[2.654s] Level 1:colcon.colcon_core.environment:checking '/home/eirik/ROS_PROJECTS/ROS_car_project/install/turtlebot/lib'
[2.654s] Level 1:colcon.colcon_core.environment:checking '/home/eirik/ROS_PROJECTS/ROS_car_project/install/turtlebot/bin'
[2.654s] Level 1:colcon.colcon_core.environment:checking '/home/eirik/ROS_PROJECTS/ROS_car_project/install/turtlebot/lib/pkgconfig/turtlebot.pc'
[2.655s] Level 1:colcon.colcon_core.environment:checking '/home/eirik/ROS_PROJECTS/ROS_car_project/install/turtlebot/lib/python3.8/site-packages'
[2.655s] Level 1:colcon.colcon_core.shell:create_environment_hook('turtlebot', 'pythonpath')
[2.656s] INFO:colcon.colcon_core.shell:Creating environment hook '/home/eirik/ROS_PROJECTS/ROS_car_project/install/turtlebot/share/turtlebot/hook/pythonpath.ps1'
[2.657s] INFO:colcon.colcon_core.shell:Creating environment descriptor '/home/eirik/ROS_PROJECTS/ROS_car_project/install/turtlebot/share/turtlebot/hook/pythonpath.dsv'
[2.657s] INFO:colcon.colcon_core.shell:Creating environment hook '/home/eirik/ROS_PROJECTS/ROS_car_project/install/turtlebot/share/turtlebot/hook/pythonpath.sh'
[2.658s] Level 1:colcon.colcon_core.environment:checking '/home/eirik/ROS_PROJECTS/ROS_car_project/install/turtlebot/bin'
[2.658s] Level 1:colcon.colcon_core.environment:create_environment_scripts_only(turtlebot)
[2.659s] INFO:colcon.colcon_core.shell:Creating package script '/home/eirik/ROS_PROJECTS/ROS_car_project/install/turtlebot/share/turtlebot/package.ps1'
[2.660s] INFO:colcon.colcon_core.shell:Creating package descriptor '/home/eirik/ROS_PROJECTS/ROS_car_project/install/turtlebot/share/turtlebot/package.dsv'
[2.660s] INFO:colcon.colcon_core.shell:Creating package script '/home/eirik/ROS_PROJECTS/ROS_car_project/install/turtlebot/share/turtlebot/package.sh'
[2.661s] INFO:colcon.colcon_core.shell:Creating package script '/home/eirik/ROS_PROJECTS/ROS_car_project/install/turtlebot/share/turtlebot/package.bash'
[2.661s] INFO:colcon.colcon_core.shell:Creating package script '/home/eirik/ROS_PROJECTS/ROS_car_project/install/turtlebot/share/turtlebot/package.zsh'
[2.662s] Level 1:colcon.colcon_core.environment:create_file_with_runtime_dependencies(/home/eirik/ROS_PROJECTS/ROS_car_project/install/turtlebot/share/colcon-core/packages/turtlebot)
[2.662s] DEBUG:colcon.colcon_parallel_executor.executor.parallel:closing loop
[2.662s] DEBUG:colcon.colcon_parallel_executor.executor.parallel:loop closed
[2.662s] DEBUG:colcon.colcon_parallel_executor.executor.parallel:run_until_complete finished with '0'
[2.663s] DEBUG:colcon.colcon_core.event_reactor:joining thread
[2.670s] INFO:colcon.colcon_core.plugin_system:Skipping extension 'colcon_notification.desktop_notification.terminal_notifier': Not used on non-Darwin systems
[2.670s] INFO:colcon.colcon_core.plugin_system:Skipping extension 'colcon_notification.desktop_notification.win32': Not used on non-Windows systems
[2.670s] INFO:colcon.colcon_notification.desktop_notification:Sending desktop notification using 'notify2'
[2.694s] DEBUG:colcon.colcon_core.event_reactor:joined thread
[2.697s] INFO:colcon.colcon_core.shell:Creating prefix script '/home/eirik/ROS_PROJECTS/ROS_car_project/install/local_setup.ps1'
[2.699s] INFO:colcon.colcon_core.shell:Creating prefix util module '/home/eirik/ROS_PROJECTS/ROS_car_project/install/_local_setup_util_ps1.py'
[2.701s] INFO:colcon.colcon_core.shell:Creating prefix chain script '/home/eirik/ROS_PROJECTS/ROS_car_project/install/setup.ps1'
[2.704s] INFO:colcon.colcon_core.shell:Creating prefix script '/home/eirik/ROS_PROJECTS/ROS_car_project/install/local_setup.sh'
[2.705s] INFO:colcon.colcon_core.shell:Creating prefix util module '/home/eirik/ROS_PROJECTS/ROS_car_project/install/_local_setup_util_sh.py'
[2.705s] INFO:colcon.colcon_core.shell:Creating prefix chain script '/home/eirik/ROS_PROJECTS/ROS_car_project/install/setup.sh'
[2.707s] INFO:colcon.colcon_core.shell:Creating prefix script '/home/eirik/ROS_PROJECTS/ROS_car_project/install/local_setup.bash'
[2.708s] INFO:colcon.colcon_core.shell:Creating prefix chain script '/home/eirik/ROS_PROJECTS/ROS_car_project/install/setup.bash'
[2.710s] INFO:colcon.colcon_core.shell:Creating prefix script '/home/eirik/ROS_PROJECTS/ROS_car_project/install/local_setup.zsh'
[2.711s] INFO:colcon.colcon_core.shell:Creating prefix chain script '/home/eirik/ROS_PROJECTS/ROS_car_project/install/setup.zsh'
