[1.760s] Invoking command in '/home/eirik/ROS_PROJECTS/ROS_car_project/src/turtlebot3_antmobile': PYTHONPATH=/home/eirik/ROS_PROJECTS/ROS_car_project/install/turtlebot3_antmobile/lib/python3.8/site-packages:${PYTHONPATH} /usr/bin/python3 setup.py egg_info --egg-base ../../build/turtlebot3_antmobile build --build-base /home/eirik/ROS_PROJECTS/ROS_car_project/build/turtlebot3_antmobile/build install --prefix /home/eirik/ROS_PROJECTS/ROS_car_project/install/turtlebot3_antmobile --record /home/eirik/ROS_PROJECTS/ROS_car_project/build/turtlebot3_antmobile/install.log --single-version-externally-managed
[2.036s] running egg_info
[2.037s] writing ../../build/turtlebot3_antmobile/turtlebot3_antmobile.egg-info/PKG-INFO
[2.037s] writing dependency_links to ../../build/turtlebot3_antmobile/turtlebot3_antmobile.egg-info/dependency_links.txt
[2.037s] writing entry points to ../../build/turtlebot3_antmobile/turtlebot3_antmobile.egg-info/entry_points.txt
[2.037s] writing requirements to ../../build/turtlebot3_antmobile/turtlebot3_antmobile.egg-info/requires.txt
[2.038s] writing top-level names to ../../build/turtlebot3_antmobile/turtlebot3_antmobile.egg-info/top_level.txt
[2.082s] reading manifest file '../../build/turtlebot3_antmobile/turtlebot3_antmobile.egg-info/SOURCES.txt'
[2.083s] writing manifest file '../../build/turtlebot3_antmobile/turtlebot3_antmobile.egg-info/SOURCES.txt'
[2.084s] running build
[2.084s] running build_py
[2.084s] running install
[2.085s] running install_lib
[2.087s] running install_data
[2.087s] running install_egg_info
[2.089s] removing '/home/eirik/ROS_PROJECTS/ROS_car_project/install/turtlebot3_antmobile/lib/python3.8/site-packages/turtlebot3_antmobile-0.0.0-py3.8.egg-info' (and everything under it)
[2.090s] Copying ../../build/turtlebot3_antmobile/turtlebot3_antmobile.egg-info to /home/eirik/ROS_PROJECTS/ROS_car_project/install/turtlebot3_antmobile/lib/python3.8/site-packages/turtlebot3_antmobile-0.0.0-py3.8.egg-info
[2.091s] running install_scripts
[2.113s] writing list of installed files to '/home/eirik/ROS_PROJECTS/ROS_car_project/build/turtlebot3_antmobile/install.log'
[2.164s] Invoked command in '/home/eirik/ROS_PROJECTS/ROS_car_project/src/turtlebot3_antmobile' returned '0': PYTHONPATH=/home/eirik/ROS_PROJECTS/ROS_car_project/install/turtlebot3_antmobile/lib/python3.8/site-packages:${PYTHONPATH} /usr/bin/python3 setup.py egg_info --egg-base ../../build/turtlebot3_antmobile build --build-base /home/eirik/ROS_PROJECTS/ROS_car_project/build/turtlebot3_antmobile/build install --prefix /home/eirik/ROS_PROJECTS/ROS_car_project/install/turtlebot3_antmobile --record /home/eirik/ROS_PROJECTS/ROS_car_project/build/turtlebot3_antmobile/install.log --single-version-externally-managed
