[0.193s] DEBUG:colcon:Command line arguments: ['/usr/bin/colcon', 'build']
[0.193s] DEBUG:colcon:Parsed command line arguments: Namespace(allow_overriding=[], ament_cmake_args=None, base_paths=['.'], build_base='build', catkin_cmake_args=None, catkin_skip_building_tests=False, cmake_args=None, cmake_clean_cache=False, cmake_clean_first=False, cmake_force_configure=False, cmake_target=None, cmake_target_skip_unavailable=False, continue_on_error=False, event_handlers=None, executor='parallel', ignore_user_meta=False, install_base='install', log_base=None, log_level=None, main=<bound method BuildVerb.main of <colcon_core.verb.build.BuildVerb object at 0x7f6ef23fc760>>, merge_install=False, metas=['./colcon.meta'], packages_above=None, packages_above_and_dependencies=None, packages_above_depth=None, packages_end=None, packages_ignore=None, packages_ignore_regex=None, packages_select=None, packages_select_build_failed=False, packages_select_by_dep=None, packages_select_regex=None, packages_select_test_failures=False, packages_skip=None, packages_skip_build_finished=False, packages_skip_by_dep=None, packages_skip_regex=None, packages_skip_test_passed=False, packages_skip_up_to=None, packages_start=None, packages_up_to=None, packages_up_to_regex=None, parallel_workers=16, paths=None, symlink_install=False, test_result_base=None, verb_extension=<colcon_core.verb.build.BuildVerb object at 0x7f6ef23fc760>, verb_name='build', verb_parser=<colcon_defaults.argument_parser.defaults.DefaultArgumentsDecorator object at 0x7f6ef23fccd0>)
[0.224s] Level 1:colcon.colcon_core.package_discovery:discover_packages(colcon_meta) check parameters
[0.224s] Level 1:colcon.colcon_core.package_discovery:discover_packages(recursive) check parameters
[0.225s] Level 1:colcon.colcon_core.package_discovery:discover_packages(ignore) check parameters
[0.225s] Level 1:colcon.colcon_core.package_discovery:discover_packages(path) check parameters
[0.225s] Level 1:colcon.colcon_core.package_discovery:discover_packages(colcon_meta) discover
[0.225s] Level 1:colcon.colcon_core.package_discovery:discover_packages(recursive) discover
[0.225s] INFO:colcon.colcon_core.package_discovery:Crawling recursively for packages in '/home/eirik/ROS_PROJECTS/ROS_car_project'
[0.225s] Level 1:colcon.colcon_core.package_identification:_identify(.) by extensions ['ignore', 'ignore_ament_install']
[0.225s] Level 1:colcon.colcon_core.package_identification:_identify(.) by extension 'ignore'
[0.225s] Level 1:colcon.colcon_core.package_identification:_identify(.) by extension 'ignore_ament_install'
[0.225s] Level 1:colcon.colcon_core.package_identification:_identify(.) by extensions ['colcon_pkg']
[0.225s] Level 1:colcon.colcon_core.package_identification:_identify(.) by extension 'colcon_pkg'
[0.225s] Level 1:colcon.colcon_core.package_identification:_identify(.) by extensions ['colcon_meta']
[0.225s] Level 1:colcon.colcon_core.package_identification:_identify(.) by extension 'colcon_meta'
[0.225s] Level 1:colcon.colcon_core.package_identification:_identify(.) by extensions ['ros']
[0.225s] Level 1:colcon.colcon_core.package_identification:_identify(.) by extension 'ros'
[0.251s] Level 1:colcon.colcon_core.package_identification:_identify(.) by extensions ['cmake', 'python']
[0.252s] Level 1:colcon.colcon_core.package_identification:_identify(.) by extension 'cmake'
[0.252s] Level 1:colcon.colcon_core.package_identification:_identify(.) by extension 'python'
[0.252s] Level 1:colcon.colcon_core.package_identification:_identify(.) by extensions ['python_setup_py']
[0.252s] Level 1:colcon.colcon_core.package_identification:_identify(.) by extension 'python_setup_py'
[0.252s] Level 1:colcon.colcon_core.package_identification:_identify(build) by extensions ['ignore', 'ignore_ament_install']
[0.252s] Level 1:colcon.colcon_core.package_identification:_identify(build) by extension 'ignore'
[0.252s] Level 1:colcon.colcon_core.package_identification:_identify(build) ignored
[0.252s] Level 1:colcon.colcon_core.package_identification:_identify(install) by extensions ['ignore', 'ignore_ament_install']
[0.252s] Level 1:colcon.colcon_core.package_identification:_identify(install) by extension 'ignore'
[0.252s] Level 1:colcon.colcon_core.package_identification:_identify(install) ignored
[0.253s] Level 1:colcon.colcon_core.package_identification:_identify(lane_detection) by extensions ['ignore', 'ignore_ament_install']
[0.253s] Level 1:colcon.colcon_core.package_identification:_identify(lane_detection) by extension 'ignore'
[0.253s] Level 1:colcon.colcon_core.package_identification:_identify(lane_detection) by extension 'ignore_ament_install'
[0.253s] Level 1:colcon.colcon_core.package_identification:_identify(lane_detection) by extensions ['colcon_pkg']
[0.253s] Level 1:colcon.colcon_core.package_identification:_identify(lane_detection) by extension 'colcon_pkg'
[0.253s] Level 1:colcon.colcon_core.package_identification:_identify(lane_detection) by extensions ['colcon_meta']
[0.253s] Level 1:colcon.colcon_core.package_identification:_identify(lane_detection) by extension 'colcon_meta'
[0.253s] Level 1:colcon.colcon_core.package_identification:_identify(lane_detection) by extensions ['ros']
[0.253s] Level 1:colcon.colcon_core.package_identification:_identify(lane_detection) by extension 'ros'
[0.253s] Level 1:colcon.colcon_core.package_identification:_identify(lane_detection) by extensions ['cmake', 'python']
[0.253s] Level 1:colcon.colcon_core.package_identification:_identify(lane_detection) by extension 'cmake'
[0.253s] Level 1:colcon.colcon_core.package_identification:_identify(lane_detection) by extension 'python'
[0.253s] Level 1:colcon.colcon_core.package_identification:_identify(lane_detection) by extensions ['python_setup_py']
[0.253s] Level 1:colcon.colcon_core.package_identification:_identify(lane_detection) by extension 'python_setup_py'
[0.253s] Level 1:colcon.colcon_core.package_identification:_identify(lane_detection/__pycache__) by extensions ['ignore', 'ignore_ament_install']
[0.254s] Level 1:colcon.colcon_core.package_identification:_identify(lane_detection/__pycache__) by extension 'ignore'
[0.254s] Level 1:colcon.colcon_core.package_identification:_identify(lane_detection/__pycache__) by extension 'ignore_ament_install'
[0.254s] Level 1:colcon.colcon_core.package_identification:_identify(lane_detection/__pycache__) by extensions ['colcon_pkg']
[0.254s] Level 1:colcon.colcon_core.package_identification:_identify(lane_detection/__pycache__) by extension 'colcon_pkg'
[0.254s] Level 1:colcon.colcon_core.package_identification:_identify(lane_detection/__pycache__) by extensions ['colcon_meta']
[0.254s] Level 1:colcon.colcon_core.package_identification:_identify(lane_detection/__pycache__) by extension 'colcon_meta'
[0.254s] Level 1:colcon.colcon_core.package_identification:_identify(lane_detection/__pycache__) by extensions ['ros']
[0.254s] Level 1:colcon.colcon_core.package_identification:_identify(lane_detection/__pycache__) by extension 'ros'
[0.254s] Level 1:colcon.colcon_core.package_identification:_identify(lane_detection/__pycache__) by extensions ['cmake', 'python']
[0.254s] Level 1:colcon.colcon_core.package_identification:_identify(lane_detection/__pycache__) by extension 'cmake'
[0.254s] Level 1:colcon.colcon_core.package_identification:_identify(lane_detection/__pycache__) by extension 'python'
[0.254s] Level 1:colcon.colcon_core.package_identification:_identify(lane_detection/__pycache__) by extensions ['python_setup_py']
[0.254s] Level 1:colcon.colcon_core.package_identification:_identify(lane_detection/__pycache__) by extension 'python_setup_py'
[0.254s] Level 1:colcon.colcon_core.package_identification:_identify(lane_detection/devel) by extensions ['ignore', 'ignore_ament_install']
[0.254s] Level 1:colcon.colcon_core.package_identification:_identify(lane_detection/devel) by extension 'ignore'
[0.255s] Level 1:colcon.colcon_core.package_identification:_identify(lane_detection/devel) by extension 'ignore_ament_install'
[0.255s] Level 1:colcon.colcon_core.package_identification:_identify(lane_detection/devel) by extensions ['colcon_pkg']
[0.255s] Level 1:colcon.colcon_core.package_identification:_identify(lane_detection/devel) by extension 'colcon_pkg'
[0.255s] Level 1:colcon.colcon_core.package_identification:_identify(lane_detection/devel) by extensions ['colcon_meta']
[0.255s] Level 1:colcon.colcon_core.package_identification:_identify(lane_detection/devel) by extension 'colcon_meta'
[0.255s] Level 1:colcon.colcon_core.package_identification:_identify(lane_detection/devel) by extensions ['ros']
[0.255s] Level 1:colcon.colcon_core.package_identification:_identify(lane_detection/devel) by extension 'ros'
[0.255s] Level 1:colcon.colcon_core.package_identification:_identify(lane_detection/devel) by extensions ['cmake', 'python']
[0.255s] Level 1:colcon.colcon_core.package_identification:_identify(lane_detection/devel) by extension 'cmake'
[0.255s] Level 1:colcon.colcon_core.package_identification:_identify(lane_detection/devel) by extension 'python'
[0.255s] Level 1:colcon.colcon_core.package_identification:_identify(lane_detection/devel) by extensions ['python_setup_py']
[0.255s] Level 1:colcon.colcon_core.package_identification:_identify(lane_detection/devel) by extension 'python_setup_py'
[0.255s] Level 1:colcon.colcon_core.package_identification:_identify(log) by extensions ['ignore', 'ignore_ament_install']
[0.255s] Level 1:colcon.colcon_core.package_identification:_identify(log) by extension 'ignore'
[0.255s] Level 1:colcon.colcon_core.package_identification:_identify(log) ignored
[0.256s] Level 1:colcon.colcon_core.package_identification:_identify(src) by extensions ['ignore', 'ignore_ament_install']
[0.256s] Level 1:colcon.colcon_core.package_identification:_identify(src) by extension 'ignore'
[0.256s] Level 1:colcon.colcon_core.package_identification:_identify(src) by extension 'ignore_ament_install'
[0.256s] Level 1:colcon.colcon_core.package_identification:_identify(src) by extensions ['colcon_pkg']
[0.256s] Level 1:colcon.colcon_core.package_identification:_identify(src) by extension 'colcon_pkg'
[0.256s] Level 1:colcon.colcon_core.package_identification:_identify(src) by extensions ['colcon_meta']
[0.256s] Level 1:colcon.colcon_core.package_identification:_identify(src) by extension 'colcon_meta'
[0.256s] Level 1:colcon.colcon_core.package_identification:_identify(src) by extensions ['ros']
[0.256s] Level 1:colcon.colcon_core.package_identification:_identify(src) by extension 'ros'
[0.256s] Level 1:colcon.colcon_core.package_identification:_identify(src) by extensions ['cmake', 'python']
[0.256s] Level 1:colcon.colcon_core.package_identification:_identify(src) by extension 'cmake'
[0.256s] Level 1:colcon.colcon_core.package_identification:_identify(src) by extension 'python'
[0.256s] Level 1:colcon.colcon_core.package_identification:_identify(src) by extensions ['python_setup_py']
[0.256s] Level 1:colcon.colcon_core.package_identification:_identify(src) by extension 'python_setup_py'
[0.256s] Level 1:colcon.colcon_core.package_identification:_identify(src/snapping_turtle) by extensions ['ignore', 'ignore_ament_install']
[0.257s] Level 1:colcon.colcon_core.package_identification:_identify(src/snapping_turtle) by extension 'ignore'
[0.257s] Level 1:colcon.colcon_core.package_identification:_identify(src/snapping_turtle) by extension 'ignore_ament_install'
[0.257s] Level 1:colcon.colcon_core.package_identification:_identify(src/snapping_turtle) by extensions ['colcon_pkg']
[0.257s] Level 1:colcon.colcon_core.package_identification:_identify(src/snapping_turtle) by extension 'colcon_pkg'
[0.257s] Level 1:colcon.colcon_core.package_identification:_identify(src/snapping_turtle) by extensions ['colcon_meta']
[0.257s] Level 1:colcon.colcon_core.package_identification:_identify(src/snapping_turtle) by extension 'colcon_meta'
[0.257s] Level 1:colcon.colcon_core.package_identification:_identify(src/snapping_turtle) by extensions ['ros']
[0.257s] Level 1:colcon.colcon_core.package_identification:_identify(src/snapping_turtle) by extension 'ros'
[0.260s] DEBUG:colcon.colcon_core.package_identification:Package 'src/snapping_turtle' with type 'ros.ament_python' and name 'snapping_turtle'
[0.260s] Level 1:colcon.colcon_core.package_identification:_identify(src/snapping_turtle_2) by extensions ['ignore', 'ignore_ament_install']
[0.260s] Level 1:colcon.colcon_core.package_identification:_identify(src/snapping_turtle_2) by extension 'ignore'
[0.260s] Level 1:colcon.colcon_core.package_identification:_identify(src/snapping_turtle_2) by extension 'ignore_ament_install'
[0.260s] Level 1:colcon.colcon_core.package_identification:_identify(src/snapping_turtle_2) by extensions ['colcon_pkg']
[0.260s] Level 1:colcon.colcon_core.package_identification:_identify(src/snapping_turtle_2) by extension 'colcon_pkg'
[0.261s] Level 1:colcon.colcon_core.package_identification:_identify(src/snapping_turtle_2) by extensions ['colcon_meta']
[0.261s] Level 1:colcon.colcon_core.package_identification:_identify(src/snapping_turtle_2) by extension 'colcon_meta'
[0.261s] Level 1:colcon.colcon_core.package_identification:_identify(src/snapping_turtle_2) by extensions ['ros']
[0.261s] Level 1:colcon.colcon_core.package_identification:_identify(src/snapping_turtle_2) by extension 'ros'
[0.261s] DEBUG:colcon.colcon_core.package_identification:Package 'src/snapping_turtle_2' with type 'ros.ament_python' and name 'snapping_turtle_2'
[0.261s] Level 1:colcon.colcon_core.package_identification:_identify(src/turtlebot) by extensions ['ignore', 'ignore_ament_install']
[0.262s] Level 1:colcon.colcon_core.package_identification:_identify(src/turtlebot) by extension 'ignore'
[0.262s] Level 1:colcon.colcon_core.package_identification:_identify(src/turtlebot) by extension 'ignore_ament_install'
[0.262s] Level 1:colcon.colcon_core.package_identification:_identify(src/turtlebot) by extensions ['colcon_pkg']
[0.262s] Level 1:colcon.colcon_core.package_identification:_identify(src/turtlebot) by extension 'colcon_pkg'
[0.262s] Level 1:colcon.colcon_core.package_identification:_identify(src/turtlebot) by extensions ['colcon_meta']
[0.262s] Level 1:colcon.colcon_core.package_identification:_identify(src/turtlebot) by extension 'colcon_meta'
[0.262s] Level 1:colcon.colcon_core.package_identification:_identify(src/turtlebot) by extensions ['ros']
[0.262s] Level 1:colcon.colcon_core.package_identification:_identify(src/turtlebot) by extension 'ros'
[0.263s] DEBUG:colcon.colcon_core.package_identification:Package 'src/turtlebot' with type 'ros.ament_python' and name 'turtlebot'
[0.263s] Level 1:colcon.colcon_core.package_identification:_identify(src/turtlebot3_antmobile) by extensions ['ignore', 'ignore_ament_install']
[0.263s] Level 1:colcon.colcon_core.package_identification:_identify(src/turtlebot3_antmobile) by extension 'ignore'
[0.263s] Level 1:colcon.colcon_core.package_identification:_identify(src/turtlebot3_antmobile) by extension 'ignore_ament_install'
[0.263s] Level 1:colcon.colcon_core.package_identification:_identify(src/turtlebot3_antmobile) by extensions ['colcon_pkg']
[0.263s] Level 1:colcon.colcon_core.package_identification:_identify(src/turtlebot3_antmobile) by extension 'colcon_pkg'
[0.263s] Level 1:colcon.colcon_core.package_identification:_identify(src/turtlebot3_antmobile) by extensions ['colcon_meta']
[0.263s] Level 1:colcon.colcon_core.package_identification:_identify(src/turtlebot3_antmobile) by extension 'colcon_meta'
[0.263s] Level 1:colcon.colcon_core.package_identification:_identify(src/turtlebot3_antmobile) by extensions ['ros']
[0.263s] Level 1:colcon.colcon_core.package_identification:_identify(src/turtlebot3_antmobile) by extension 'ros'
[0.264s] DEBUG:colcon.colcon_core.package_identification:Package 'src/turtlebot3_antmobile' with type 'ros.ament_python' and name 'turtlebot3_antmobile'
[0.264s] Level 1:colcon.colcon_core.package_discovery:discover_packages(recursive) using defaults
[0.264s] Level 1:colcon.colcon_core.package_discovery:discover_packages(ignore) discover
[0.264s] Level 1:colcon.colcon_core.package_discovery:discover_packages(ignore) using defaults
[0.264s] Level 1:colcon.colcon_core.package_discovery:discover_packages(path) discover
[0.264s] Level 1:colcon.colcon_core.package_discovery:discover_packages(path) using defaults
[0.292s] Level 1:colcon.colcon_core.package_discovery:discover_packages(prefix_path) check parameters
[0.292s] Level 1:colcon.colcon_core.package_discovery:discover_packages(prefix_path) discover
[0.294s] WARNING:colcon.colcon_core.prefix_path.colcon:The path '/home/eirik/colcon_ws/install' in the environment variable COLCON_PREFIX_PATH doesn't exist
[0.297s] DEBUG:colcon.colcon_installed_package_information.package_discovery:Found 4 installed packages in /home/eirik/ROS_PROJECTS/ROS_car_project/install
[0.300s] DEBUG:colcon.colcon_installed_package_information.package_discovery:Found 335 installed packages in /opt/ros/foxy
[0.304s] Level 1:colcon.colcon_core.package_discovery:discover_packages(prefix_path) using defaults
[0.419s] Level 5:colcon.colcon_core.verb:set package 'snapping_turtle' build argument 'cmake_args' from command line to 'None'
[0.419s] Level 5:colcon.colcon_core.verb:set package 'snapping_turtle' build argument 'cmake_target' from command line to 'None'
[0.419s] Level 5:colcon.colcon_core.verb:set package 'snapping_turtle' build argument 'cmake_target_skip_unavailable' from command line to 'False'
[0.419s] Level 5:colcon.colcon_core.verb:set package 'snapping_turtle' build argument 'cmake_clean_cache' from command line to 'False'
[0.419s] Level 5:colcon.colcon_core.verb:set package 'snapping_turtle' build argument 'cmake_clean_first' from command line to 'False'
[0.419s] Level 5:colcon.colcon_core.verb:set package 'snapping_turtle' build argument 'cmake_force_configure' from command line to 'False'
[0.419s] Level 5:colcon.colcon_core.verb:set package 'snapping_turtle' build argument 'ament_cmake_args' from command line to 'None'
[0.420s] Level 5:colcon.colcon_core.verb:set package 'snapping_turtle' build argument 'catkin_cmake_args' from command line to 'None'
[0.420s] Level 5:colcon.colcon_core.verb:set package 'snapping_turtle' build argument 'catkin_skip_building_tests' from command line to 'False'
[0.420s] DEBUG:colcon.colcon_core.verb:Building package 'snapping_turtle' with the following arguments: {'ament_cmake_args': None, 'build_base': '/home/eirik/ROS_PROJECTS/ROS_car_project/build/snapping_turtle', 'catkin_cmake_args': None, 'catkin_skip_building_tests': False, 'cmake_args': None, 'cmake_clean_cache': False, 'cmake_clean_first': False, 'cmake_force_configure': False, 'cmake_target': None, 'cmake_target_skip_unavailable': False, 'install_base': '/home/eirik/ROS_PROJECTS/ROS_car_project/install/snapping_turtle', 'merge_install': False, 'path': '/home/eirik/ROS_PROJECTS/ROS_car_project/src/snapping_turtle', 'symlink_install': False, 'test_result_base': None}
[0.421s] Level 5:colcon.colcon_core.verb:set package 'snapping_turtle_2' build argument 'cmake_args' from command line to 'None'
[0.421s] Level 5:colcon.colcon_core.verb:set package 'snapping_turtle_2' build argument 'cmake_target' from command line to 'None'
[0.421s] Level 5:colcon.colcon_core.verb:set package 'snapping_turtle_2' build argument 'cmake_target_skip_unavailable' from command line to 'False'
[0.421s] Level 5:colcon.colcon_core.verb:set package 'snapping_turtle_2' build argument 'cmake_clean_cache' from command line to 'False'
[0.421s] Level 5:colcon.colcon_core.verb:set package 'snapping_turtle_2' build argument 'cmake_clean_first' from command line to 'False'
[0.421s] Level 5:colcon.colcon_core.verb:set package 'snapping_turtle_2' build argument 'cmake_force_configure' from command line to 'False'
[0.421s] Level 5:colcon.colcon_core.verb:set package 'snapping_turtle_2' build argument 'ament_cmake_args' from command line to 'None'
[0.421s] Level 5:colcon.colcon_core.verb:set package 'snapping_turtle_2' build argument 'catkin_cmake_args' from command line to 'None'
[0.421s] Level 5:colcon.colcon_core.verb:set package 'snapping_turtle_2' build argument 'catkin_skip_building_tests' from command line to 'False'
[0.421s] DEBUG:colcon.colcon_core.verb:Building package 'snapping_turtle_2' with the following arguments: {'ament_cmake_args': None, 'build_base': '/home/eirik/ROS_PROJECTS/ROS_car_project/build/snapping_turtle_2', 'catkin_cmake_args': None, 'catkin_skip_building_tests': False, 'cmake_args': None, 'cmake_clean_cache': False, 'cmake_clean_first': False, 'cmake_force_configure': False, 'cmake_target': None, 'cmake_target_skip_unavailable': False, 'install_base': '/home/eirik/ROS_PROJECTS/ROS_car_project/install/snapping_turtle_2', 'merge_install': False, 'path': '/home/eirik/ROS_PROJECTS/ROS_car_project/src/snapping_turtle_2', 'symlink_install': False, 'test_result_base': None}
[0.423s] Level 5:colcon.colcon_core.verb:set package 'turtlebot' build argument 'cmake_args' from command line to 'None'
[0.423s] Level 5:colcon.colcon_core.verb:set package 'turtlebot' build argument 'cmake_target' from command line to 'None'
[0.423s] Level 5:colcon.colcon_core.verb:set package 'turtlebot' build argument 'cmake_target_skip_unavailable' from command line to 'False'
[0.423s] Level 5:colcon.colcon_core.verb:set package 'turtlebot' build argument 'cmake_clean_cache' from command line to 'False'
[0.423s] Level 5:colcon.colcon_core.verb:set package 'turtlebot' build argument 'cmake_clean_first' from command line to 'False'
[0.423s] Level 5:colcon.colcon_core.verb:set package 'turtlebot' build argument 'cmake_force_configure' from command line to 'False'
[0.424s] Level 5:colcon.colcon_core.verb:set package 'turtlebot' build argument 'ament_cmake_args' from command line to 'None'
[0.424s] Level 5:colcon.colcon_core.verb:set package 'turtlebot' build argument 'catkin_cmake_args' from command line to 'None'
[0.424s] Level 5:colcon.colcon_core.verb:set package 'turtlebot' build argument 'catkin_skip_building_tests' from command line to 'False'
[0.424s] DEBUG:colcon.colcon_core.verb:Building package 'turtlebot' with the following arguments: {'ament_cmake_args': None, 'build_base': '/home/eirik/ROS_PROJECTS/ROS_car_project/build/turtlebot', 'catkin_cmake_args': None, 'catkin_skip_building_tests': False, 'cmake_args': None, 'cmake_clean_cache': False, 'cmake_clean_first': False, 'cmake_force_configure': False, 'cmake_target': None, 'cmake_target_skip_unavailable': False, 'install_base': '/home/eirik/ROS_PROJECTS/ROS_car_project/install/turtlebot', 'merge_install': False, 'path': '/home/eirik/ROS_PROJECTS/ROS_car_project/src/turtlebot', 'symlink_install': False, 'test_result_base': None}
[0.425s] Level 5:colcon.colcon_core.verb:set package 'turtlebot3_antmobile' build argument 'cmake_args' from command line to 'None'
[0.425s] Level 5:colcon.colcon_core.verb:set package 'turtlebot3_antmobile' build argument 'cmake_target' from command line to 'None'
[0.425s] Level 5:colcon.colcon_core.verb:set package 'turtlebot3_antmobile' build argument 'cmake_target_skip_unavailable' from command line to 'False'
[0.425s] Level 5:colcon.colcon_core.verb:set package 'turtlebot3_antmobile' build argument 'cmake_clean_cache' from command line to 'False'
[0.425s] Level 5:colcon.colcon_core.verb:set package 'turtlebot3_antmobile' build argument 'cmake_clean_first' from command line to 'False'
[0.425s] Level 5:colcon.colcon_core.verb:set package 'turtlebot3_antmobile' build argument 'cmake_force_configure' from command line to 'False'
[0.425s] Level 5:colcon.colcon_core.verb:set package 'turtlebot3_antmobile' build argument 'ament_cmake_args' from command line to 'None'
[0.425s] Level 5:colcon.colcon_core.verb:set package 'turtlebot3_antmobile' build argument 'catkin_cmake_args' from command line to 'None'
[0.425s] Level 5:colcon.colcon_core.verb:set package 'turtlebot3_antmobile' build argument 'catkin_skip_building_tests' from command line to 'False'
[0.425s] DEBUG:colcon.colcon_core.verb:Building package 'turtlebot3_antmobile' with the following arguments: {'ament_cmake_args': None, 'build_base': '/home/eirik/ROS_PROJECTS/ROS_car_project/build/turtlebot3_antmobile', 'catkin_cmake_args': None, 'catkin_skip_building_tests': False, 'cmake_args': None, 'cmake_clean_cache': False, 'cmake_clean_first': False, 'cmake_force_configure': False, 'cmake_target': None, 'cmake_target_skip_unavailable': False, 'install_base': '/home/eirik/ROS_PROJECTS/ROS_car_project/install/turtlebot3_antmobile', 'merge_install': False, 'path': '/home/eirik/ROS_PROJECTS/ROS_car_project/src/turtlebot3_antmobile', 'symlink_install': False, 'test_result_base': None}
[0.426s] INFO:colcon.colcon_core.executor:Executing jobs using 'parallel' executor
[0.431s] DEBUG:colcon.colcon_parallel_executor.executor.parallel:run_until_complete
[0.432s] INFO:colcon.colcon_ros.task.ament_python.build:Building ROS package in '/home/eirik/ROS_PROJECTS/ROS_car_project/src/snapping_turtle' with build type 'ament_python'
[0.432s] Level 1:colcon.colcon_core.shell:create_environment_hook('snapping_turtle', 'ament_prefix_path')
[0.437s] INFO:colcon.colcon_core.plugin_system:Skipping extension 'colcon_core.shell.bat': Not used on non-Windows systems
[0.437s] INFO:colcon.colcon_core.shell:Creating environment hook '/home/eirik/ROS_PROJECTS/ROS_car_project/install/snapping_turtle/share/snapping_turtle/hook/ament_prefix_path.ps1'
[0.438s] INFO:colcon.colcon_core.shell:Creating environment descriptor '/home/eirik/ROS_PROJECTS/ROS_car_project/install/snapping_turtle/share/snapping_turtle/hook/ament_prefix_path.dsv'
[0.439s] INFO:colcon.colcon_core.shell:Creating environment hook '/home/eirik/ROS_PROJECTS/ROS_car_project/install/snapping_turtle/share/snapping_turtle/hook/ament_prefix_path.sh'
[0.441s] INFO:colcon.colcon_core.shell:Skip shell extension 'powershell' for command environment: Not usable outside of PowerShell
[0.441s] DEBUG:colcon.colcon_core.shell:Skip shell extension 'dsv' for command environment
[0.449s] INFO:colcon.colcon_ros.task.ament_python.build:Building ROS package in '/home/eirik/ROS_PROJECTS/ROS_car_project/src/snapping_turtle_2' with build type 'ament_python'
[0.450s] Level 1:colcon.colcon_core.shell:create_environment_hook('snapping_turtle_2', 'ament_prefix_path')
[0.453s] INFO:colcon.colcon_core.shell:Creating environment hook '/home/eirik/ROS_PROJECTS/ROS_car_project/install/snapping_turtle_2/share/snapping_turtle_2/hook/ament_prefix_path.ps1'
[0.454s] INFO:colcon.colcon_core.shell:Creating environment descriptor '/home/eirik/ROS_PROJECTS/ROS_car_project/install/snapping_turtle_2/share/snapping_turtle_2/hook/ament_prefix_path.dsv'
[0.455s] INFO:colcon.colcon_core.shell:Creating environment hook '/home/eirik/ROS_PROJECTS/ROS_car_project/install/snapping_turtle_2/share/snapping_turtle_2/hook/ament_prefix_path.sh'
[0.457s] INFO:colcon.colcon_core.shell:Skip shell extension 'powershell' for command environment: Not usable outside of PowerShell
[0.457s] DEBUG:colcon.colcon_core.shell:Skip shell extension 'dsv' for command environment
[0.466s] INFO:colcon.colcon_ros.task.ament_python.build:Building ROS package in '/home/eirik/ROS_PROJECTS/ROS_car_project/src/turtlebot' with build type 'ament_python'
[0.466s] Level 1:colcon.colcon_core.shell:create_environment_hook('turtlebot', 'ament_prefix_path')
[0.469s] INFO:colcon.colcon_core.shell:Creating environment hook '/home/eirik/ROS_PROJECTS/ROS_car_project/install/turtlebot/share/turtlebot/hook/ament_prefix_path.ps1'
[0.470s] INFO:colcon.colcon_core.shell:Creating environment descriptor '/home/eirik/ROS_PROJECTS/ROS_car_project/install/turtlebot/share/turtlebot/hook/ament_prefix_path.dsv'
[0.470s] INFO:colcon.colcon_core.shell:Creating environment hook '/home/eirik/ROS_PROJECTS/ROS_car_project/install/turtlebot/share/turtlebot/hook/ament_prefix_path.sh'
[0.473s] INFO:colcon.colcon_core.shell:Skip shell extension 'powershell' for command environment: Not usable outside of PowerShell
[0.473s] DEBUG:colcon.colcon_core.shell:Skip shell extension 'dsv' for command environment
[0.483s] INFO:colcon.colcon_ros.task.ament_python.build:Building ROS package in '/home/eirik/ROS_PROJECTS/ROS_car_project/src/turtlebot3_antmobile' with build type 'ament_python'
[0.484s] Level 1:colcon.colcon_core.shell:create_environment_hook('turtlebot3_antmobile', 'ament_prefix_path')
[0.485s] INFO:colcon.colcon_core.shell:Creating environment hook '/home/eirik/ROS_PROJECTS/ROS_car_project/install/turtlebot3_antmobile/share/turtlebot3_antmobile/hook/ament_prefix_path.ps1'
[0.486s] INFO:colcon.colcon_core.shell:Creating environment descriptor '/home/eirik/ROS_PROJECTS/ROS_car_project/install/turtlebot3_antmobile/share/turtlebot3_antmobile/hook/ament_prefix_path.dsv'
[0.487s] INFO:colcon.colcon_core.shell:Creating environment hook '/home/eirik/ROS_PROJECTS/ROS_car_project/install/turtlebot3_antmobile/share/turtlebot3_antmobile/hook/ament_prefix_path.sh'
[0.489s] INFO:colcon.colcon_core.shell:Skip shell extension 'powershell' for command environment: Not usable outside of PowerShell
[0.489s] DEBUG:colcon.colcon_core.shell:Skip shell extension 'dsv' for command environment
[0.800s] INFO:colcon.colcon_core.task.python.build:Building Python package in '/home/eirik/ROS_PROJECTS/ROS_car_project/src/snapping_turtle'
[0.802s] INFO:colcon.colcon_core.shell:Skip shell extension 'powershell' for command environment: Not usable outside of PowerShell
[0.802s] DEBUG:colcon.colcon_core.shell:Skip shell extension 'dsv' for command environment
[1.105s] INFO:colcon.colcon_core.task.python.build:Building Python package in '/home/eirik/ROS_PROJECTS/ROS_car_project/src/snapping_turtle_2'
[1.109s] INFO:colcon.colcon_core.shell:Skip shell extension 'powershell' for command environment: Not usable outside of PowerShell
[1.109s] DEBUG:colcon.colcon_core.shell:Skip shell extension 'dsv' for command environment
[1.401s] INFO:colcon.colcon_core.task.python.build:Building Python package in '/home/eirik/ROS_PROJECTS/ROS_car_project/src/turtlebot'
[1.404s] INFO:colcon.colcon_core.shell:Skip shell extension 'powershell' for command environment: Not usable outside of PowerShell
[1.405s] DEBUG:colcon.colcon_core.shell:Skip shell extension 'dsv' for command environment
[1.697s] INFO:colcon.colcon_core.task.python.build:Building Python package in '/home/eirik/ROS_PROJECTS/ROS_car_project/src/turtlebot3_antmobile'
[1.700s] INFO:colcon.colcon_core.shell:Skip shell extension 'powershell' for command environment: Not usable outside of PowerShell
[1.700s] DEBUG:colcon.colcon_core.shell:Skip shell extension 'dsv' for command environment
[2.226s] DEBUG:colcon.colcon_core.event_handler.log_command:Invoking command in '/home/eirik/ROS_PROJECTS/ROS_car_project/src/snapping_turtle_2': PYTHONPATH=/home/eirik/ROS_PROJECTS/ROS_car_project/install/snapping_turtle_2/lib/python3.8/site-packages:${PYTHONPATH} /usr/bin/python3 setup.py egg_info --egg-base ../../build/snapping_turtle_2 build --build-base /home/eirik/ROS_PROJECTS/ROS_car_project/build/snapping_turtle_2/build install --prefix /home/eirik/ROS_PROJECTS/ROS_car_project/install/snapping_turtle_2 --record /home/eirik/ROS_PROJECTS/ROS_car_project/build/snapping_turtle_2/install.log --single-version-externally-managed
[2.236s] DEBUG:colcon.colcon_core.event_handler.log_command:Invoking command in '/home/eirik/ROS_PROJECTS/ROS_car_project/src/snapping_turtle': PYTHONPATH=/home/eirik/ROS_PROJECTS/ROS_car_project/install/snapping_turtle/lib/python3.8/site-packages:${PYTHONPATH} /usr/bin/python3 setup.py egg_info --egg-base ../../build/snapping_turtle build --build-base /home/eirik/ROS_PROJECTS/ROS_car_project/build/snapping_turtle/build install --prefix /home/eirik/ROS_PROJECTS/ROS_car_project/install/snapping_turtle --record /home/eirik/ROS_PROJECTS/ROS_car_project/build/snapping_turtle/install.log --single-version-externally-managed
[2.246s] DEBUG:colcon.colcon_core.event_handler.log_command:Invoking command in '/home/eirik/ROS_PROJECTS/ROS_car_project/src/turtlebot3_antmobile': PYTHONPATH=/home/eirik/ROS_PROJECTS/ROS_car_project/install/turtlebot3_antmobile/lib/python3.8/site-packages:${PYTHONPATH} /usr/bin/python3 setup.py egg_info --egg-base ../../build/turtlebot3_antmobile build --build-base /home/eirik/ROS_PROJECTS/ROS_car_project/build/turtlebot3_antmobile/build install --prefix /home/eirik/ROS_PROJECTS/ROS_car_project/install/turtlebot3_antmobile --record /home/eirik/ROS_PROJECTS/ROS_car_project/build/turtlebot3_antmobile/install.log --single-version-externally-managed
[2.253s] DEBUG:colcon.colcon_core.event_handler.log_command:Invoking command in '/home/eirik/ROS_PROJECTS/ROS_car_project/src/turtlebot': PYTHONPATH=/home/eirik/ROS_PROJECTS/ROS_car_project/install/turtlebot/lib/python3.8/site-packages:${PYTHONPATH} /usr/bin/python3 setup.py egg_info --egg-base ../../build/turtlebot build --build-base /home/eirik/ROS_PROJECTS/ROS_car_project/build/turtlebot/build install --prefix /home/eirik/ROS_PROJECTS/ROS_car_project/install/turtlebot --record /home/eirik/ROS_PROJECTS/ROS_car_project/build/turtlebot/install.log --single-version-externally-managed
[2.608s] DEBUG:colcon.colcon_core.event_handler.log_command:Invoked command in '/home/eirik/ROS_PROJECTS/ROS_car_project/src/snapping_turtle_2' returned '0': PYTHONPATH=/home/eirik/ROS_PROJECTS/ROS_car_project/install/snapping_turtle_2/lib/python3.8/site-packages:${PYTHONPATH} /usr/bin/python3 setup.py egg_info --egg-base ../../build/snapping_turtle_2 build --build-base /home/eirik/ROS_PROJECTS/ROS_car_project/build/snapping_turtle_2/build install --prefix /home/eirik/ROS_PROJECTS/ROS_car_project/install/snapping_turtle_2 --record /home/eirik/ROS_PROJECTS/ROS_car_project/build/snapping_turtle_2/install.log --single-version-externally-managed
[2.618s] Level 1:colcon.colcon_core.environment:checking '/home/eirik/ROS_PROJECTS/ROS_car_project/install/snapping_turtle_2' for CMake module files
[2.619s] Level 1:colcon.colcon_core.environment:checking '/home/eirik/ROS_PROJECTS/ROS_car_project/install/snapping_turtle_2' for CMake config files
[2.620s] Level 1:colcon.colcon_core.environment:checking '/home/eirik/ROS_PROJECTS/ROS_car_project/install/snapping_turtle_2/lib'
[2.620s] Level 1:colcon.colcon_core.environment:checking '/home/eirik/ROS_PROJECTS/ROS_car_project/install/snapping_turtle_2/bin'
[2.620s] Level 1:colcon.colcon_core.environment:checking '/home/eirik/ROS_PROJECTS/ROS_car_project/install/snapping_turtle_2/lib/pkgconfig/snapping_turtle_2.pc'
[2.620s] Level 1:colcon.colcon_core.environment:checking '/home/eirik/ROS_PROJECTS/ROS_car_project/install/snapping_turtle_2/lib/python3.8/site-packages'
[2.620s] Level 1:colcon.colcon_core.shell:create_environment_hook('snapping_turtle_2', 'pythonpath')
[2.622s] INFO:colcon.colcon_core.shell:Creating environment hook '/home/eirik/ROS_PROJECTS/ROS_car_project/install/snapping_turtle_2/share/snapping_turtle_2/hook/pythonpath.ps1'
[2.623s] INFO:colcon.colcon_core.shell:Creating environment descriptor '/home/eirik/ROS_PROJECTS/ROS_car_project/install/snapping_turtle_2/share/snapping_turtle_2/hook/pythonpath.dsv'
[2.623s] INFO:colcon.colcon_core.shell:Creating environment hook '/home/eirik/ROS_PROJECTS/ROS_car_project/install/snapping_turtle_2/share/snapping_turtle_2/hook/pythonpath.sh'
[2.624s] Level 1:colcon.colcon_core.environment:checking '/home/eirik/ROS_PROJECTS/ROS_car_project/install/snapping_turtle_2/bin'
[2.624s] Level 1:colcon.colcon_core.environment:create_environment_scripts_only(snapping_turtle_2)
[2.626s] INFO:colcon.colcon_core.shell:Creating package script '/home/eirik/ROS_PROJECTS/ROS_car_project/install/snapping_turtle_2/share/snapping_turtle_2/package.ps1'
[2.627s] INFO:colcon.colcon_core.shell:Creating package descriptor '/home/eirik/ROS_PROJECTS/ROS_car_project/install/snapping_turtle_2/share/snapping_turtle_2/package.dsv'
[2.628s] INFO:colcon.colcon_core.shell:Creating package script '/home/eirik/ROS_PROJECTS/ROS_car_project/install/snapping_turtle_2/share/snapping_turtle_2/package.sh'
[2.628s] INFO:colcon.colcon_core.shell:Creating package script '/home/eirik/ROS_PROJECTS/ROS_car_project/install/snapping_turtle_2/share/snapping_turtle_2/package.bash'
[2.629s] INFO:colcon.colcon_core.shell:Creating package script '/home/eirik/ROS_PROJECTS/ROS_car_project/install/snapping_turtle_2/share/snapping_turtle_2/package.zsh'
[2.630s] Level 1:colcon.colcon_core.environment:create_file_with_runtime_dependencies(/home/eirik/ROS_PROJECTS/ROS_car_project/install/snapping_turtle_2/share/colcon-core/packages/snapping_turtle_2)
[2.634s] Level 1:colcon.colcon_core.environment:checking '/home/eirik/ROS_PROJECTS/ROS_car_project/install/snapping_turtle' for CMake module files
[2.635s] DEBUG:colcon.colcon_core.event_handler.log_command:Invoked command in '/home/eirik/ROS_PROJECTS/ROS_car_project/src/snapping_turtle' returned '0': PYTHONPATH=/home/eirik/ROS_PROJECTS/ROS_car_project/install/snapping_turtle/lib/python3.8/site-packages:${PYTHONPATH} /usr/bin/python3 setup.py egg_info --egg-base ../../build/snapping_turtle build --build-base /home/eirik/ROS_PROJECTS/ROS_car_project/build/snapping_turtle/build install --prefix /home/eirik/ROS_PROJECTS/ROS_car_project/install/snapping_turtle --record /home/eirik/ROS_PROJECTS/ROS_car_project/build/snapping_turtle/install.log --single-version-externally-managed
[2.636s] Level 1:colcon.colcon_core.environment:checking '/home/eirik/ROS_PROJECTS/ROS_car_project/install/snapping_turtle' for CMake config files
[2.636s] Level 1:colcon.colcon_core.environment:checking '/home/eirik/ROS_PROJECTS/ROS_car_project/install/snapping_turtle/lib'
[2.636s] Level 1:colcon.colcon_core.environment:checking '/home/eirik/ROS_PROJECTS/ROS_car_project/install/snapping_turtle/bin'
[2.636s] Level 1:colcon.colcon_core.environment:checking '/home/eirik/ROS_PROJECTS/ROS_car_project/install/snapping_turtle/lib/pkgconfig/snapping_turtle.pc'
[2.637s] Level 1:colcon.colcon_core.environment:checking '/home/eirik/ROS_PROJECTS/ROS_car_project/install/snapping_turtle/lib/python3.8/site-packages'
[2.637s] Level 1:colcon.colcon_core.shell:create_environment_hook('snapping_turtle', 'pythonpath')
[2.638s] INFO:colcon.colcon_core.shell:Creating environment hook '/home/eirik/ROS_PROJECTS/ROS_car_project/install/snapping_turtle/share/snapping_turtle/hook/pythonpath.ps1'
[2.639s] INFO:colcon.colcon_core.shell:Creating environment descriptor '/home/eirik/ROS_PROJECTS/ROS_car_project/install/snapping_turtle/share/snapping_turtle/hook/pythonpath.dsv'
[2.640s] INFO:colcon.colcon_core.shell:Creating environment hook '/home/eirik/ROS_PROJECTS/ROS_car_project/install/snapping_turtle/share/snapping_turtle/hook/pythonpath.sh'
[2.640s] Level 1:colcon.colcon_core.environment:checking '/home/eirik/ROS_PROJECTS/ROS_car_project/install/snapping_turtle/bin'
[2.640s] Level 1:colcon.colcon_core.environment:create_environment_scripts_only(snapping_turtle)
[2.642s] INFO:colcon.colcon_core.shell:Creating package script '/home/eirik/ROS_PROJECTS/ROS_car_project/install/snapping_turtle/share/snapping_turtle/package.ps1'
[2.643s] INFO:colcon.colcon_core.shell:Creating package descriptor '/home/eirik/ROS_PROJECTS/ROS_car_project/install/snapping_turtle/share/snapping_turtle/package.dsv'
[2.644s] INFO:colcon.colcon_core.shell:Creating package script '/home/eirik/ROS_PROJECTS/ROS_car_project/install/snapping_turtle/share/snapping_turtle/package.sh'
[2.644s] INFO:colcon.colcon_core.shell:Creating package script '/home/eirik/ROS_PROJECTS/ROS_car_project/install/snapping_turtle/share/snapping_turtle/package.bash'
[2.645s] INFO:colcon.colcon_core.shell:Creating package script '/home/eirik/ROS_PROJECTS/ROS_car_project/install/snapping_turtle/share/snapping_turtle/package.zsh'
[2.645s] Level 1:colcon.colcon_core.environment:create_file_with_runtime_dependencies(/home/eirik/ROS_PROJECTS/ROS_car_project/install/snapping_turtle/share/colcon-core/packages/snapping_turtle)
[2.649s] Level 1:colcon.colcon_core.environment:checking '/home/eirik/ROS_PROJECTS/ROS_car_project/install/turtlebot3_antmobile' for CMake module files
[2.650s] DEBUG:colcon.colcon_core.event_handler.log_command:Invoked command in '/home/eirik/ROS_PROJECTS/ROS_car_project/src/turtlebot3_antmobile' returned '0': PYTHONPATH=/home/eirik/ROS_PROJECTS/ROS_car_project/install/turtlebot3_antmobile/lib/python3.8/site-packages:${PYTHONPATH} /usr/bin/python3 setup.py egg_info --egg-base ../../build/turtlebot3_antmobile build --build-base /home/eirik/ROS_PROJECTS/ROS_car_project/build/turtlebot3_antmobile/build install --prefix /home/eirik/ROS_PROJECTS/ROS_car_project/install/turtlebot3_antmobile --record /home/eirik/ROS_PROJECTS/ROS_car_project/build/turtlebot3_antmobile/install.log --single-version-externally-managed
[2.650s] Level 1:colcon.colcon_core.environment:checking '/home/eirik/ROS_PROJECTS/ROS_car_project/install/turtlebot3_antmobile' for CMake config files
[2.651s] Level 1:colcon.colcon_core.environment:checking '/home/eirik/ROS_PROJECTS/ROS_car_project/install/turtlebot3_antmobile/lib'
[2.651s] Level 1:colcon.colcon_core.environment:checking '/home/eirik/ROS_PROJECTS/ROS_car_project/install/turtlebot3_antmobile/bin'
[2.651s] Level 1:colcon.colcon_core.environment:checking '/home/eirik/ROS_PROJECTS/ROS_car_project/install/turtlebot3_antmobile/lib/pkgconfig/turtlebot3_antmobile.pc'
[2.651s] Level 1:colcon.colcon_core.environment:checking '/home/eirik/ROS_PROJECTS/ROS_car_project/install/turtlebot3_antmobile/lib/python3.8/site-packages'
[2.651s] Level 1:colcon.colcon_core.shell:create_environment_hook('turtlebot3_antmobile', 'pythonpath')
[2.653s] INFO:colcon.colcon_core.shell:Creating environment hook '/home/eirik/ROS_PROJECTS/ROS_car_project/install/turtlebot3_antmobile/share/turtlebot3_antmobile/hook/pythonpath.ps1'
[2.654s] INFO:colcon.colcon_core.shell:Creating environment descriptor '/home/eirik/ROS_PROJECTS/ROS_car_project/install/turtlebot3_antmobile/share/turtlebot3_antmobile/hook/pythonpath.dsv'
[2.654s] INFO:colcon.colcon_core.shell:Creating environment hook '/home/eirik/ROS_PROJECTS/ROS_car_project/install/turtlebot3_antmobile/share/turtlebot3_antmobile/hook/pythonpath.sh'
[2.655s] Level 1:colcon.colcon_core.environment:checking '/home/eirik/ROS_PROJECTS/ROS_car_project/install/turtlebot3_antmobile/bin'
[2.655s] Level 1:colcon.colcon_core.environment:create_environment_scripts_only(turtlebot3_antmobile)
[2.657s] INFO:colcon.colcon_core.shell:Creating package script '/home/eirik/ROS_PROJECTS/ROS_car_project/install/turtlebot3_antmobile/share/turtlebot3_antmobile/package.ps1'
[2.657s] INFO:colcon.colcon_core.shell:Creating package descriptor '/home/eirik/ROS_PROJECTS/ROS_car_project/install/turtlebot3_antmobile/share/turtlebot3_antmobile/package.dsv'
[2.658s] INFO:colcon.colcon_core.shell:Creating package script '/home/eirik/ROS_PROJECTS/ROS_car_project/install/turtlebot3_antmobile/share/turtlebot3_antmobile/package.sh'
[2.658s] INFO:colcon.colcon_core.shell:Creating package script '/home/eirik/ROS_PROJECTS/ROS_car_project/install/turtlebot3_antmobile/share/turtlebot3_antmobile/package.bash'
[2.659s] INFO:colcon.colcon_core.shell:Creating package script '/home/eirik/ROS_PROJECTS/ROS_car_project/install/turtlebot3_antmobile/share/turtlebot3_antmobile/package.zsh'
[2.659s] Level 1:colcon.colcon_core.environment:create_file_with_runtime_dependencies(/home/eirik/ROS_PROJECTS/ROS_car_project/install/turtlebot3_antmobile/share/colcon-core/packages/turtlebot3_antmobile)
[2.664s] Level 1:colcon.colcon_core.environment:checking '/home/eirik/ROS_PROJECTS/ROS_car_project/install/turtlebot' for CMake module files
[2.665s] DEBUG:colcon.colcon_core.event_handler.log_command:Invoked command in '/home/eirik/ROS_PROJECTS/ROS_car_project/src/turtlebot' returned '0': PYTHONPATH=/home/eirik/ROS_PROJECTS/ROS_car_project/install/turtlebot/lib/python3.8/site-packages:${PYTHONPATH} /usr/bin/python3 setup.py egg_info --egg-base ../../build/turtlebot build --build-base /home/eirik/ROS_PROJECTS/ROS_car_project/build/turtlebot/build install --prefix /home/eirik/ROS_PROJECTS/ROS_car_project/install/turtlebot --record /home/eirik/ROS_PROJECTS/ROS_car_project/build/turtlebot/install.log --single-version-externally-managed
[2.665s] Level 1:colcon.colcon_core.environment:checking '/home/eirik/ROS_PROJECTS/ROS_car_project/install/turtlebot' for CMake config files
[2.666s] Level 1:colcon.colcon_core.environment:checking '/home/eirik/ROS_PROJECTS/ROS_car_project/install/turtlebot/lib'
[2.666s] Level 1:colcon.colcon_core.environment:checking '/home/eirik/ROS_PROJECTS/ROS_car_project/install/turtlebot/bin'
[2.666s] Level 1:colcon.colcon_core.environment:checking '/home/eirik/ROS_PROJECTS/ROS_car_project/install/turtlebot/lib/pkgconfig/turtlebot.pc'
[2.667s] Level 1:colcon.colcon_core.environment:checking '/home/eirik/ROS_PROJECTS/ROS_car_project/install/turtlebot/lib/python3.8/site-packages'
[2.667s] Level 1:colcon.colcon_core.shell:create_environment_hook('turtlebot', 'pythonpath')
[2.669s] INFO:colcon.colcon_core.shell:Creating environment hook '/home/eirik/ROS_PROJECTS/ROS_car_project/install/turtlebot/share/turtlebot/hook/pythonpath.ps1'
[2.670s] INFO:colcon.colcon_core.shell:Creating environment descriptor '/home/eirik/ROS_PROJECTS/ROS_car_project/install/turtlebot/share/turtlebot/hook/pythonpath.dsv'
[2.670s] INFO:colcon.colcon_core.shell:Creating environment hook '/home/eirik/ROS_PROJECTS/ROS_car_project/install/turtlebot/share/turtlebot/hook/pythonpath.sh'
[2.671s] Level 1:colcon.colcon_core.environment:checking '/home/eirik/ROS_PROJECTS/ROS_car_project/install/turtlebot/bin'
[2.671s] Level 1:colcon.colcon_core.environment:create_environment_scripts_only(turtlebot)
[2.674s] INFO:colcon.colcon_core.shell:Creating package script '/home/eirik/ROS_PROJECTS/ROS_car_project/install/turtlebot/share/turtlebot/package.ps1'
[2.675s] INFO:colcon.colcon_core.shell:Creating package descriptor '/home/eirik/ROS_PROJECTS/ROS_car_project/install/turtlebot/share/turtlebot/package.dsv'
[2.675s] INFO:colcon.colcon_core.shell:Creating package script '/home/eirik/ROS_PROJECTS/ROS_car_project/install/turtlebot/share/turtlebot/package.sh'
[2.676s] INFO:colcon.colcon_core.shell:Creating package script '/home/eirik/ROS_PROJECTS/ROS_car_project/install/turtlebot/share/turtlebot/package.bash'
[2.676s] INFO:colcon.colcon_core.shell:Creating package script '/home/eirik/ROS_PROJECTS/ROS_car_project/install/turtlebot/share/turtlebot/package.zsh'
[2.676s] Level 1:colcon.colcon_core.environment:create_file_with_runtime_dependencies(/home/eirik/ROS_PROJECTS/ROS_car_project/install/turtlebot/share/colcon-core/packages/turtlebot)
[2.677s] DEBUG:colcon.colcon_parallel_executor.executor.parallel:closing loop
[2.677s] DEBUG:colcon.colcon_parallel_executor.executor.parallel:loop closed
[2.677s] DEBUG:colcon.colcon_parallel_executor.executor.parallel:run_until_complete finished with '0'
[2.678s] DEBUG:colcon.colcon_core.event_reactor:joining thread
[2.687s] INFO:colcon.colcon_core.plugin_system:Skipping extension 'colcon_notification.desktop_notification.terminal_notifier': Not used on non-Darwin systems
[2.688s] INFO:colcon.colcon_core.plugin_system:Skipping extension 'colcon_notification.desktop_notification.win32': Not used on non-Windows systems
[2.688s] INFO:colcon.colcon_notification.desktop_notification:Sending desktop notification using 'notify2'
[2.715s] DEBUG:colcon.colcon_core.event_reactor:joined thread
[2.719s] INFO:colcon.colcon_core.shell:Creating prefix script '/home/eirik/ROS_PROJECTS/ROS_car_project/install/local_setup.ps1'
[2.721s] INFO:colcon.colcon_core.shell:Creating prefix util module '/home/eirik/ROS_PROJECTS/ROS_car_project/install/_local_setup_util_ps1.py'
[2.723s] INFO:colcon.colcon_core.shell:Creating prefix chain script '/home/eirik/ROS_PROJECTS/ROS_car_project/install/setup.ps1'
[2.726s] INFO:colcon.colcon_core.shell:Creating prefix script '/home/eirik/ROS_PROJECTS/ROS_car_project/install/local_setup.sh'
[2.728s] INFO:colcon.colcon_core.shell:Creating prefix util module '/home/eirik/ROS_PROJECTS/ROS_car_project/install/_local_setup_util_sh.py'
[2.729s] INFO:colcon.colcon_core.shell:Creating prefix chain script '/home/eirik/ROS_PROJECTS/ROS_car_project/install/setup.sh'
[2.731s] INFO:colcon.colcon_core.shell:Creating prefix script '/home/eirik/ROS_PROJECTS/ROS_car_project/install/local_setup.bash'
[2.732s] INFO:colcon.colcon_core.shell:Creating prefix chain script '/home/eirik/ROS_PROJECTS/ROS_car_project/install/setup.bash'
[2.733s] INFO:colcon.colcon_core.shell:Creating prefix script '/home/eirik/ROS_PROJECTS/ROS_car_project/install/local_setup.zsh'
[2.734s] INFO:colcon.colcon_core.shell:Creating prefix chain script '/home/eirik/ROS_PROJECTS/ROS_car_project/install/setup.zsh'
