[1.744s] Invoking command in '/home/eirik/ROS_PROJECTS/ROS_car_project/src/turtlebot3_antmobile': PYTHONPATH=/home/eirik/ROS_PROJECTS/ROS_car_project/install/turtlebot3_antmobile/lib/python3.8/site-packages:${PYTHONPATH} /usr/bin/python3 setup.py egg_info --egg-base ../../build/turtlebot3_antmobile build --build-base /home/eirik/ROS_PROJECTS/ROS_car_project/build/turtlebot3_antmobile/build install --prefix /home/eirik/ROS_PROJECTS/ROS_car_project/install/turtlebot3_antmobile --record /home/eirik/ROS_PROJECTS/ROS_car_project/build/turtlebot3_antmobile/install.log --single-version-externally-managed
[2.031s] running egg_info
[2.032s] writing ../../build/turtlebot3_antmobile/turtlebot3_antmobile.egg-info/PKG-INFO
[2.032s] writing dependency_links to ../../build/turtlebot3_antmobile/turtlebot3_antmobile.egg-info/dependency_links.txt
[2.033s] writing entry points to ../../build/turtlebot3_antmobile/turtlebot3_antmobile.egg-info/entry_points.txt
[2.033s] writing requirements to ../../build/turtlebot3_antmobile/turtlebot3_antmobile.egg-info/requires.txt
[2.034s] writing top-level names to ../../build/turtlebot3_antmobile/turtlebot3_antmobile.egg-info/top_level.txt
[2.103s] reading manifest file '../../build/turtlebot3_antmobile/turtlebot3_antmobile.egg-info/SOURCES.txt'
[2.105s] writing manifest file '../../build/turtlebot3_antmobile/turtlebot3_antmobile.egg-info/SOURCES.txt'
[2.105s] running build
[2.106s] running build_py
[2.106s] running install
[2.107s] running install_lib
[2.109s] running install_data
[2.110s] running install_egg_info
[2.116s] removing '/home/eirik/ROS_PROJECTS/ROS_car_project/install/turtlebot3_antmobile/lib/python3.8/site-packages/turtlebot3_antmobile-0.0.0-py3.8.egg-info' (and everything under it)
[2.116s] Copying ../../build/turtlebot3_antmobile/turtlebot3_antmobile.egg-info to /home/eirik/ROS_PROJECTS/ROS_car_project/install/turtlebot3_antmobile/lib/python3.8/site-packages/turtlebot3_antmobile-0.0.0-py3.8.egg-info
[2.117s] running install_scripts
[2.143s] writing list of installed files to '/home/eirik/ROS_PROJECTS/ROS_car_project/build/turtlebot3_antmobile/install.log'
[2.176s] Invoked command in '/home/eirik/ROS_PROJECTS/ROS_car_project/src/turtlebot3_antmobile' returned '0': PYTHONPATH=/home/eirik/ROS_PROJECTS/ROS_car_project/install/turtlebot3_antmobile/lib/python3.8/site-packages:${PYTHONPATH} /usr/bin/python3 setup.py egg_info --egg-base ../../build/turtlebot3_antmobile build --build-base /home/eirik/ROS_PROJECTS/ROS_car_project/build/turtlebot3_antmobile/build install --prefix /home/eirik/ROS_PROJECTS/ROS_car_project/install/turtlebot3_antmobile --record /home/eirik/ROS_PROJECTS/ROS_car_project/build/turtlebot3_antmobile/install.log --single-version-externally-managed
