running egg_info
creating ../../build/turtlebot/turtlebot.egg-info
writing ../../build/turtlebot/turtlebot.egg-info/PKG-INFO
writing dependency_links to ../../build/turtlebot/turtlebot.egg-info/dependency_links.txt
writing entry points to ../../build/turtlebot/turtlebot.egg-info/entry_points.txt
writing requirements to ../../build/turtlebot/turtlebot.egg-info/requires.txt
writing top-level names to ../../build/turtlebot/turtlebot.egg-info/top_level.txt
writing manifest file '../../build/turtlebot/turtlebot.egg-info/SOURCES.txt'
reading manifest file '../../build/turtlebot/turtlebot.egg-info/SOURCES.txt'
writing manifest file '../../build/turtlebot/turtlebot.egg-info/SOURCES.txt'
running build
running build_py
creating /home/eirik/ROS_PROJECTS/ROS_car_project/build/turtlebot/build
creating /home/eirik/ROS_PROJECTS/ROS_car_project/build/turtlebot/build/lib
creating /home/eirik/ROS_PROJECTS/ROS_car_project/build/turtlebot/build/lib/turtlebot
copying turtlebot/turtlebot_controller_publisher.py -> /home/eirik/ROS_PROJECTS/ROS_car_project/build/turtlebot/build/lib/turtlebot
copying turtlebot/file.py -> /home/eirik/ROS_PROJECTS/ROS_car_project/build/turtlebot/build/lib/turtlebot
copying turtlebot/__init__.py -> /home/eirik/ROS_PROJECTS/ROS_car_project/build/turtlebot/build/lib/turtlebot
running install
running install_lib
creating /home/eirik/ROS_PROJECTS/ROS_car_project/install/turtlebot/lib/python3.8/site-packages/turtlebot
copying /home/eirik/ROS_PROJECTS/ROS_car_project/build/turtlebot/build/lib/turtlebot/turtlebot_controller_publisher.py -> /home/eirik/ROS_PROJECTS/ROS_car_project/install/turtlebot/lib/python3.8/site-packages/turtlebot
copying /home/eirik/ROS_PROJECTS/ROS_car_project/build/turtlebot/build/lib/turtlebot/file.py -> /home/eirik/ROS_PROJECTS/ROS_car_project/install/turtlebot/lib/python3.8/site-packages/turtlebot
copying /home/eirik/ROS_PROJECTS/ROS_car_project/build/turtlebot/build/lib/turtlebot/__init__.py -> /home/eirik/ROS_PROJECTS/ROS_car_project/install/turtlebot/lib/python3.8/site-packages/turtlebot
byte-compiling /home/eirik/ROS_PROJECTS/ROS_car_project/install/turtlebot/lib/python3.8/site-packages/turtlebot/turtlebot_controller_publisher.py to turtlebot_controller_publisher.cpython-38.pyc
byte-compiling /home/eirik/ROS_PROJECTS/ROS_car_project/install/turtlebot/lib/python3.8/site-packages/turtlebot/file.py to file.cpython-38.pyc
byte-compiling /home/eirik/ROS_PROJECTS/ROS_car_project/install/turtlebot/lib/python3.8/site-packages/turtlebot/__init__.py to __init__.cpython-38.pyc
running install_data
creating /home/eirik/ROS_PROJECTS/ROS_car_project/install/turtlebot/share/ament_index
creating /home/eirik/ROS_PROJECTS/ROS_car_project/install/turtlebot/share/ament_index/resource_index
creating /home/eirik/ROS_PROJECTS/ROS_car_project/install/turtlebot/share/ament_index/resource_index/packages
copying resource/turtlebot -> /home/eirik/ROS_PROJECTS/ROS_car_project/install/turtlebot/share/ament_index/resource_index/packages
copying package.xml -> /home/eirik/ROS_PROJECTS/ROS_car_project/install/turtlebot/share/turtlebot
running install_egg_info
Copying ../../build/turtlebot/turtlebot.egg-info to /home/eirik/ROS_PROJECTS/ROS_car_project/install/turtlebot/lib/python3.8/site-packages/turtlebot-0.0.0-py3.8.egg-info
running install_scripts
Installing turtlebot_controller_publisher script to /home/eirik/ROS_PROJECTS/ROS_car_project/install/turtlebot/lib/turtlebot
writing list of installed files to '/home/eirik/ROS_PROJECTS/ROS_car_project/build/turtlebot/install.log'
