[1.135s] Invoking command in '/home/eirik/ROS_PROJECTS/ROS_car_project/src/turtlebot': PYTHONPATH=/home/eirik/ROS_PROJECTS/ROS_car_project/install/turtlebot/lib/python3.8/site-packages:${PYTHONPATH} /usr/bin/python3 setup.py egg_info --egg-base ../../build/turtlebot build --build-base /home/eirik/ROS_PROJECTS/ROS_car_project/build/turtlebot/build install --prefix /home/eirik/ROS_PROJECTS/ROS_car_project/install/turtlebot --record /home/eirik/ROS_PROJECTS/ROS_car_project/build/turtlebot/install.log --single-version-externally-managed
[1.311s] running egg_info
[1.312s] creating ../../build/turtlebot/turtlebot.egg-info
[1.312s] writing ../../build/turtlebot/turtlebot.egg-info/PKG-INFO
[1.312s] writing dependency_links to ../../build/turtlebot/turtlebot.egg-info/dependency_links.txt
[1.312s] writing entry points to ../../build/turtlebot/turtlebot.egg-info/entry_points.txt
[1.312s] writing requirements to ../../build/turtlebot/turtlebot.egg-info/requires.txt
[1.313s] writing top-level names to ../../build/turtlebot/turtlebot.egg-info/top_level.txt
[1.313s] writing manifest file '../../build/turtlebot/turtlebot.egg-info/SOURCES.txt'
[1.339s] reading manifest file '../../build/turtlebot/turtlebot.egg-info/SOURCES.txt'
[1.339s] writing manifest file '../../build/turtlebot/turtlebot.egg-info/SOURCES.txt'
[1.339s] running build
[1.340s] running build_py
[1.340s] creating /home/eirik/ROS_PROJECTS/ROS_car_project/build/turtlebot/build
[1.340s] creating /home/eirik/ROS_PROJECTS/ROS_car_project/build/turtlebot/build/lib
[1.340s] creating /home/eirik/ROS_PROJECTS/ROS_car_project/build/turtlebot/build/lib/turtlebot
[1.340s] copying turtlebot/turtlebot_controller_publisher.py -> /home/eirik/ROS_PROJECTS/ROS_car_project/build/turtlebot/build/lib/turtlebot
[1.340s] copying turtlebot/file.py -> /home/eirik/ROS_PROJECTS/ROS_car_project/build/turtlebot/build/lib/turtlebot
[1.340s] copying turtlebot/__init__.py -> /home/eirik/ROS_PROJECTS/ROS_car_project/build/turtlebot/build/lib/turtlebot
[1.340s] running install
[1.341s] running install_lib
[1.341s] creating /home/eirik/ROS_PROJECTS/ROS_car_project/install/turtlebot/lib/python3.8/site-packages/turtlebot
[1.342s] copying /home/eirik/ROS_PROJECTS/ROS_car_project/build/turtlebot/build/lib/turtlebot/turtlebot_controller_publisher.py -> /home/eirik/ROS_PROJECTS/ROS_car_project/install/turtlebot/lib/python3.8/site-packages/turtlebot
[1.342s] copying /home/eirik/ROS_PROJECTS/ROS_car_project/build/turtlebot/build/lib/turtlebot/file.py -> /home/eirik/ROS_PROJECTS/ROS_car_project/install/turtlebot/lib/python3.8/site-packages/turtlebot
[1.342s] copying /home/eirik/ROS_PROJECTS/ROS_car_project/build/turtlebot/build/lib/turtlebot/__init__.py -> /home/eirik/ROS_PROJECTS/ROS_car_project/install/turtlebot/lib/python3.8/site-packages/turtlebot
[1.342s] byte-compiling /home/eirik/ROS_PROJECTS/ROS_car_project/install/turtlebot/lib/python3.8/site-packages/turtlebot/turtlebot_controller_publisher.py to turtlebot_controller_publisher.cpython-38.pyc
[1.343s] byte-compiling /home/eirik/ROS_PROJECTS/ROS_car_project/install/turtlebot/lib/python3.8/site-packages/turtlebot/file.py to file.cpython-38.pyc
[1.343s] byte-compiling /home/eirik/ROS_PROJECTS/ROS_car_project/install/turtlebot/lib/python3.8/site-packages/turtlebot/__init__.py to __init__.cpython-38.pyc
[1.343s] running install_data
[1.344s] creating /home/eirik/ROS_PROJECTS/ROS_car_project/install/turtlebot/share/ament_index
[1.344s] creating /home/eirik/ROS_PROJECTS/ROS_car_project/install/turtlebot/share/ament_index/resource_index
[1.344s] creating /home/eirik/ROS_PROJECTS/ROS_car_project/install/turtlebot/share/ament_index/resource_index/packages
[1.344s] copying resource/turtlebot -> /home/eirik/ROS_PROJECTS/ROS_car_project/install/turtlebot/share/ament_index/resource_index/packages
[1.344s] copying package.xml -> /home/eirik/ROS_PROJECTS/ROS_car_project/install/turtlebot/share/turtlebot
[1.344s] running install_egg_info
[1.345s] Copying ../../build/turtlebot/turtlebot.egg-info to /home/eirik/ROS_PROJECTS/ROS_car_project/install/turtlebot/lib/python3.8/site-packages/turtlebot-0.0.0-py3.8.egg-info
[1.346s] running install_scripts
[1.361s] Installing turtlebot_controller_publisher script to /home/eirik/ROS_PROJECTS/ROS_car_project/install/turtlebot/lib/turtlebot
[1.361s] writing list of installed files to '/home/eirik/ROS_PROJECTS/ROS_car_project/build/turtlebot/install.log'
[1.420s] Invoked command in '/home/eirik/ROS_PROJECTS/ROS_car_project/src/turtlebot' returned '0': PYTHONPATH=/home/eirik/ROS_PROJECTS/ROS_car_project/install/turtlebot/lib/python3.8/site-packages:${PYTHONPATH} /usr/bin/python3 setup.py egg_info --egg-base ../../build/turtlebot build --build-base /home/eirik/ROS_PROJECTS/ROS_car_project/build/turtlebot/build install --prefix /home/eirik/ROS_PROJECTS/ROS_car_project/install/turtlebot --record /home/eirik/ROS_PROJECTS/ROS_car_project/build/turtlebot/install.log --single-version-externally-managed
