[0.179s] DEBUG:colcon:Command line arguments: ['/usr/bin/colcon', 'build']
[0.179s] DEBUG:colcon:Parsed command line arguments: Namespace(allow_overriding=[], ament_cmake_args=None, base_paths=['.'], build_base='build', catkin_cmake_args=None, catkin_skip_building_tests=False, cmake_args=None, cmake_clean_cache=False, cmake_clean_first=False, cmake_force_configure=False, cmake_target=None, cmake_target_skip_unavailable=False, continue_on_error=False, event_handlers=None, executor='parallel', ignore_user_meta=False, install_base='install', log_base=None, log_level=None, main=<bound method BuildVerb.main of <colcon_core.verb.build.BuildVerb object at 0x7fd8f7252760>>, merge_install=False, metas=['./colcon.meta'], packages_above=None, packages_above_and_dependencies=None, packages_above_depth=None, packages_end=None, packages_ignore=None, packages_ignore_regex=None, packages_select=None, packages_select_build_failed=False, packages_select_by_dep=None, packages_select_regex=None, packages_select_test_failures=False, packages_skip=None, packages_skip_build_finished=False, packages_skip_by_dep=None, packages_skip_regex=None, packages_skip_test_passed=False, packages_skip_up_to=None, packages_start=None, packages_up_to=None, packages_up_to_regex=None, parallel_workers=16, paths=None, symlink_install=False, test_result_base=None, verb_extension=<colcon_core.verb.build.BuildVerb object at 0x7fd8f7252760>, verb_name='build', verb_parser=<colcon_defaults.argument_parser.defaults.DefaultArgumentsDecorator object at 0x7fd8f7252cd0>)
[0.210s] Level 1:colcon.colcon_core.package_discovery:discover_packages(colcon_meta) check parameters
[0.210s] Level 1:colcon.colcon_core.package_discovery:discover_packages(recursive) check parameters
[0.210s] Level 1:colcon.colcon_core.package_discovery:discover_packages(ignore) check parameters
[0.210s] Level 1:colcon.colcon_core.package_discovery:discover_packages(path) check parameters
[0.210s] Level 1:colcon.colcon_core.package_discovery:discover_packages(colcon_meta) discover
[0.210s] Level 1:colcon.colcon_core.package_discovery:discover_packages(recursive) discover
[0.210s] INFO:colcon.colcon_core.package_discovery:Crawling recursively for packages in '/home/eirik/ROS_PROJECTS/ROS_car_project'
[0.210s] Level 1:colcon.colcon_core.package_identification:_identify(.) by extensions ['ignore', 'ignore_ament_install']
[0.210s] Level 1:colcon.colcon_core.package_identification:_identify(.) by extension 'ignore'
[0.210s] Level 1:colcon.colcon_core.package_identification:_identify(.) by extension 'ignore_ament_install'
[0.210s] Level 1:colcon.colcon_core.package_identification:_identify(.) by extensions ['colcon_pkg']
[0.210s] Level 1:colcon.colcon_core.package_identification:_identify(.) by extension 'colcon_pkg'
[0.210s] Level 1:colcon.colcon_core.package_identification:_identify(.) by extensions ['colcon_meta']
[0.210s] Level 1:colcon.colcon_core.package_identification:_identify(.) by extension 'colcon_meta'
[0.210s] Level 1:colcon.colcon_core.package_identification:_identify(.) by extensions ['ros']
[0.210s] Level 1:colcon.colcon_core.package_identification:_identify(.) by extension 'ros'
[0.220s] Level 1:colcon.colcon_core.package_identification:_identify(.) by extensions ['cmake', 'python']
[0.220s] Level 1:colcon.colcon_core.package_identification:_identify(.) by extension 'cmake'
[0.220s] Level 1:colcon.colcon_core.package_identification:_identify(.) by extension 'python'
[0.220s] Level 1:colcon.colcon_core.package_identification:_identify(.) by extensions ['python_setup_py']
[0.220s] Level 1:colcon.colcon_core.package_identification:_identify(.) by extension 'python_setup_py'
[0.220s] Level 1:colcon.colcon_core.package_identification:_identify(build) by extensions ['ignore', 'ignore_ament_install']
[0.220s] Level 1:colcon.colcon_core.package_identification:_identify(build) by extension 'ignore'
[0.220s] Level 1:colcon.colcon_core.package_identification:_identify(build) ignored
[0.220s] Level 1:colcon.colcon_core.package_identification:_identify(install) by extensions ['ignore', 'ignore_ament_install']
[0.220s] Level 1:colcon.colcon_core.package_identification:_identify(install) by extension 'ignore'
[0.220s] Level 1:colcon.colcon_core.package_identification:_identify(install) ignored
[0.221s] Level 1:colcon.colcon_core.package_identification:_identify(lane_detection) by extensions ['ignore', 'ignore_ament_install']
[0.221s] Level 1:colcon.colcon_core.package_identification:_identify(lane_detection) by extension 'ignore'
[0.221s] Level 1:colcon.colcon_core.package_identification:_identify(lane_detection) by extension 'ignore_ament_install'
[0.221s] Level 1:colcon.colcon_core.package_identification:_identify(lane_detection) by extensions ['colcon_pkg']
[0.221s] Level 1:colcon.colcon_core.package_identification:_identify(lane_detection) by extension 'colcon_pkg'
[0.221s] Level 1:colcon.colcon_core.package_identification:_identify(lane_detection) by extensions ['colcon_meta']
[0.221s] Level 1:colcon.colcon_core.package_identification:_identify(lane_detection) by extension 'colcon_meta'
[0.221s] Level 1:colcon.colcon_core.package_identification:_identify(lane_detection) by extensions ['ros']
[0.221s] Level 1:colcon.colcon_core.package_identification:_identify(lane_detection) by extension 'ros'
[0.221s] Level 1:colcon.colcon_core.package_identification:_identify(lane_detection) by extensions ['cmake', 'python']
[0.221s] Level 1:colcon.colcon_core.package_identification:_identify(lane_detection) by extension 'cmake'
[0.221s] Level 1:colcon.colcon_core.package_identification:_identify(lane_detection) by extension 'python'
[0.221s] Level 1:colcon.colcon_core.package_identification:_identify(lane_detection) by extensions ['python_setup_py']
[0.221s] Level 1:colcon.colcon_core.package_identification:_identify(lane_detection) by extension 'python_setup_py'
[0.221s] Level 1:colcon.colcon_core.package_identification:_identify(lane_detection/__pycache__) by extensions ['ignore', 'ignore_ament_install']
[0.221s] Level 1:colcon.colcon_core.package_identification:_identify(lane_detection/__pycache__) by extension 'ignore'
[0.221s] Level 1:colcon.colcon_core.package_identification:_identify(lane_detection/__pycache__) by extension 'ignore_ament_install'
[0.221s] Level 1:colcon.colcon_core.package_identification:_identify(lane_detection/__pycache__) by extensions ['colcon_pkg']
[0.221s] Level 1:colcon.colcon_core.package_identification:_identify(lane_detection/__pycache__) by extension 'colcon_pkg'
[0.221s] Level 1:colcon.colcon_core.package_identification:_identify(lane_detection/__pycache__) by extensions ['colcon_meta']
[0.221s] Level 1:colcon.colcon_core.package_identification:_identify(lane_detection/__pycache__) by extension 'colcon_meta'
[0.222s] Level 1:colcon.colcon_core.package_identification:_identify(lane_detection/__pycache__) by extensions ['ros']
[0.222s] Level 1:colcon.colcon_core.package_identification:_identify(lane_detection/__pycache__) by extension 'ros'
[0.222s] Level 1:colcon.colcon_core.package_identification:_identify(lane_detection/__pycache__) by extensions ['cmake', 'python']
[0.222s] Level 1:colcon.colcon_core.package_identification:_identify(lane_detection/__pycache__) by extension 'cmake'
[0.222s] Level 1:colcon.colcon_core.package_identification:_identify(lane_detection/__pycache__) by extension 'python'
[0.222s] Level 1:colcon.colcon_core.package_identification:_identify(lane_detection/__pycache__) by extensions ['python_setup_py']
[0.222s] Level 1:colcon.colcon_core.package_identification:_identify(lane_detection/__pycache__) by extension 'python_setup_py'
[0.222s] Level 1:colcon.colcon_core.package_identification:_identify(lane_detection/devel) by extensions ['ignore', 'ignore_ament_install']
[0.222s] Level 1:colcon.colcon_core.package_identification:_identify(lane_detection/devel) by extension 'ignore'
[0.222s] Level 1:colcon.colcon_core.package_identification:_identify(lane_detection/devel) by extension 'ignore_ament_install'
[0.222s] Level 1:colcon.colcon_core.package_identification:_identify(lane_detection/devel) by extensions ['colcon_pkg']
[0.222s] Level 1:colcon.colcon_core.package_identification:_identify(lane_detection/devel) by extension 'colcon_pkg'
[0.222s] Level 1:colcon.colcon_core.package_identification:_identify(lane_detection/devel) by extensions ['colcon_meta']
[0.222s] Level 1:colcon.colcon_core.package_identification:_identify(lane_detection/devel) by extension 'colcon_meta'
[0.222s] Level 1:colcon.colcon_core.package_identification:_identify(lane_detection/devel) by extensions ['ros']
[0.222s] Level 1:colcon.colcon_core.package_identification:_identify(lane_detection/devel) by extension 'ros'
[0.222s] Level 1:colcon.colcon_core.package_identification:_identify(lane_detection/devel) by extensions ['cmake', 'python']
[0.222s] Level 1:colcon.colcon_core.package_identification:_identify(lane_detection/devel) by extension 'cmake'
[0.222s] Level 1:colcon.colcon_core.package_identification:_identify(lane_detection/devel) by extension 'python'
[0.222s] Level 1:colcon.colcon_core.package_identification:_identify(lane_detection/devel) by extensions ['python_setup_py']
[0.222s] Level 1:colcon.colcon_core.package_identification:_identify(lane_detection/devel) by extension 'python_setup_py'
[0.222s] Level 1:colcon.colcon_core.package_identification:_identify(log) by extensions ['ignore', 'ignore_ament_install']
[0.222s] Level 1:colcon.colcon_core.package_identification:_identify(log) by extension 'ignore'
[0.222s] Level 1:colcon.colcon_core.package_identification:_identify(log) ignored
[0.223s] Level 1:colcon.colcon_core.package_identification:_identify(src) by extensions ['ignore', 'ignore_ament_install']
[0.223s] Level 1:colcon.colcon_core.package_identification:_identify(src) by extension 'ignore'
[0.223s] Level 1:colcon.colcon_core.package_identification:_identify(src) by extension 'ignore_ament_install'
[0.223s] Level 1:colcon.colcon_core.package_identification:_identify(src) by extensions ['colcon_pkg']
[0.223s] Level 1:colcon.colcon_core.package_identification:_identify(src) by extension 'colcon_pkg'
[0.223s] Level 1:colcon.colcon_core.package_identification:_identify(src) by extensions ['colcon_meta']
[0.223s] Level 1:colcon.colcon_core.package_identification:_identify(src) by extension 'colcon_meta'
[0.223s] Level 1:colcon.colcon_core.package_identification:_identify(src) by extensions ['ros']
[0.223s] Level 1:colcon.colcon_core.package_identification:_identify(src) by extension 'ros'
[0.223s] Level 1:colcon.colcon_core.package_identification:_identify(src) by extensions ['cmake', 'python']
[0.223s] Level 1:colcon.colcon_core.package_identification:_identify(src) by extension 'cmake'
[0.223s] Level 1:colcon.colcon_core.package_identification:_identify(src) by extension 'python'
[0.223s] Level 1:colcon.colcon_core.package_identification:_identify(src) by extensions ['python_setup_py']
[0.223s] Level 1:colcon.colcon_core.package_identification:_identify(src) by extension 'python_setup_py'
[0.223s] Level 1:colcon.colcon_core.package_identification:_identify(src/snapping_turtle) by extensions ['ignore', 'ignore_ament_install']
[0.223s] Level 1:colcon.colcon_core.package_identification:_identify(src/snapping_turtle) by extension 'ignore'
[0.223s] Level 1:colcon.colcon_core.package_identification:_identify(src/snapping_turtle) by extension 'ignore_ament_install'
[0.223s] Level 1:colcon.colcon_core.package_identification:_identify(src/snapping_turtle) by extensions ['colcon_pkg']
[0.223s] Level 1:colcon.colcon_core.package_identification:_identify(src/snapping_turtle) by extension 'colcon_pkg'
[0.223s] Level 1:colcon.colcon_core.package_identification:_identify(src/snapping_turtle) by extensions ['colcon_meta']
[0.223s] Level 1:colcon.colcon_core.package_identification:_identify(src/snapping_turtle) by extension 'colcon_meta'
[0.223s] Level 1:colcon.colcon_core.package_identification:_identify(src/snapping_turtle) by extensions ['ros']
[0.223s] Level 1:colcon.colcon_core.package_identification:_identify(src/snapping_turtle) by extension 'ros'
[0.235s] DEBUG:colcon.colcon_core.package_identification:Package 'src/snapping_turtle' with type 'ros.ament_python' and name 'snapping_turtle'
[0.236s] Level 1:colcon.colcon_core.package_identification:_identify(src/snapping_turtle_2) by extensions ['ignore', 'ignore_ament_install']
[0.236s] Level 1:colcon.colcon_core.package_identification:_identify(src/snapping_turtle_2) by extension 'ignore'
[0.236s] Level 1:colcon.colcon_core.package_identification:_identify(src/snapping_turtle_2) by extension 'ignore_ament_install'
[0.236s] Level 1:colcon.colcon_core.package_identification:_identify(src/snapping_turtle_2) by extensions ['colcon_pkg']
[0.236s] Level 1:colcon.colcon_core.package_identification:_identify(src/snapping_turtle_2) by extension 'colcon_pkg'
[0.236s] Level 1:colcon.colcon_core.package_identification:_identify(src/snapping_turtle_2) by extensions ['colcon_meta']
[0.236s] Level 1:colcon.colcon_core.package_identification:_identify(src/snapping_turtle_2) by extension 'colcon_meta'
[0.236s] Level 1:colcon.colcon_core.package_identification:_identify(src/snapping_turtle_2) by extensions ['ros']
[0.236s] Level 1:colcon.colcon_core.package_identification:_identify(src/snapping_turtle_2) by extension 'ros'
[0.236s] DEBUG:colcon.colcon_core.package_identification:Package 'src/snapping_turtle_2' with type 'ros.ament_python' and name 'snapping_turtle_2'
[0.236s] Level 1:colcon.colcon_core.package_identification:_identify(src/turtlebot) by extensions ['ignore', 'ignore_ament_install']
[0.237s] Level 1:colcon.colcon_core.package_identification:_identify(src/turtlebot) by extension 'ignore'
[0.237s] Level 1:colcon.colcon_core.package_identification:_identify(src/turtlebot) by extension 'ignore_ament_install'
[0.237s] Level 1:colcon.colcon_core.package_identification:_identify(src/turtlebot) by extensions ['colcon_pkg']
[0.237s] Level 1:colcon.colcon_core.package_identification:_identify(src/turtlebot) by extension 'colcon_pkg'
[0.237s] Level 1:colcon.colcon_core.package_identification:_identify(src/turtlebot) by extensions ['colcon_meta']
[0.237s] Level 1:colcon.colcon_core.package_identification:_identify(src/turtlebot) by extension 'colcon_meta'
[0.237s] Level 1:colcon.colcon_core.package_identification:_identify(src/turtlebot) by extensions ['ros']
[0.237s] Level 1:colcon.colcon_core.package_identification:_identify(src/turtlebot) by extension 'ros'
[0.237s] DEBUG:colcon.colcon_core.package_identification:Package 'src/turtlebot' with type 'ros.ament_python' and name 'turtlebot'
[0.237s] Level 1:colcon.colcon_core.package_identification:_identify(src/turtlebot3_antmobile) by extensions ['ignore', 'ignore_ament_install']
[0.237s] Level 1:colcon.colcon_core.package_identification:_identify(src/turtlebot3_antmobile) by extension 'ignore'
[0.237s] Level 1:colcon.colcon_core.package_identification:_identify(src/turtlebot3_antmobile) by extension 'ignore_ament_install'
[0.237s] Level 1:colcon.colcon_core.package_identification:_identify(src/turtlebot3_antmobile) by extensions ['colcon_pkg']
[0.237s] Level 1:colcon.colcon_core.package_identification:_identify(src/turtlebot3_antmobile) by extension 'colcon_pkg'
[0.237s] Level 1:colcon.colcon_core.package_identification:_identify(src/turtlebot3_antmobile) by extensions ['colcon_meta']
[0.237s] Level 1:colcon.colcon_core.package_identification:_identify(src/turtlebot3_antmobile) by extension 'colcon_meta'
[0.237s] Level 1:colcon.colcon_core.package_identification:_identify(src/turtlebot3_antmobile) by extensions ['ros']
[0.237s] Level 1:colcon.colcon_core.package_identification:_identify(src/turtlebot3_antmobile) by extension 'ros'
[0.238s] DEBUG:colcon.colcon_core.package_identification:Package 'src/turtlebot3_antmobile' with type 'ros.ament_python' and name 'turtlebot3_antmobile'
[0.238s] Level 1:colcon.colcon_core.package_discovery:discover_packages(recursive) using defaults
[0.238s] Level 1:colcon.colcon_core.package_discovery:discover_packages(ignore) discover
[0.238s] Level 1:colcon.colcon_core.package_discovery:discover_packages(ignore) using defaults
[0.238s] Level 1:colcon.colcon_core.package_discovery:discover_packages(path) discover
[0.238s] Level 1:colcon.colcon_core.package_discovery:discover_packages(path) using defaults
[0.257s] Level 1:colcon.colcon_core.package_discovery:discover_packages(prefix_path) check parameters
[0.257s] Level 1:colcon.colcon_core.package_discovery:discover_packages(prefix_path) discover
[0.259s] WARNING:colcon.colcon_core.prefix_path.colcon:The path '/home/eirik/colcon_ws/install' in the environment variable COLCON_PREFIX_PATH doesn't exist
[0.261s] DEBUG:colcon.colcon_installed_package_information.package_discovery:Found 335 installed packages in /opt/ros/foxy
[0.262s] Level 1:colcon.colcon_core.package_discovery:discover_packages(prefix_path) using defaults
[0.328s] Level 5:colcon.colcon_core.verb:set package 'snapping_turtle' build argument 'cmake_args' from command line to 'None'
[0.328s] Level 5:colcon.colcon_core.verb:set package 'snapping_turtle' build argument 'cmake_target' from command line to 'None'
[0.328s] Level 5:colcon.colcon_core.verb:set package 'snapping_turtle' build argument 'cmake_target_skip_unavailable' from command line to 'False'
[0.328s] Level 5:colcon.colcon_core.verb:set package 'snapping_turtle' build argument 'cmake_clean_cache' from command line to 'False'
[0.328s] Level 5:colcon.colcon_core.verb:set package 'snapping_turtle' build argument 'cmake_clean_first' from command line to 'False'
[0.328s] Level 5:colcon.colcon_core.verb:set package 'snapping_turtle' build argument 'cmake_force_configure' from command line to 'False'
[0.328s] Level 5:colcon.colcon_core.verb:set package 'snapping_turtle' build argument 'ament_cmake_args' from command line to 'None'
[0.328s] Level 5:colcon.colcon_core.verb:set package 'snapping_turtle' build argument 'catkin_cmake_args' from command line to 'None'
[0.328s] Level 5:colcon.colcon_core.verb:set package 'snapping_turtle' build argument 'catkin_skip_building_tests' from command line to 'False'
[0.328s] DEBUG:colcon.colcon_core.verb:Building package 'snapping_turtle' with the following arguments: {'ament_cmake_args': None, 'build_base': '/home/eirik/ROS_PROJECTS/ROS_car_project/build/snapping_turtle', 'catkin_cmake_args': None, 'catkin_skip_building_tests': False, 'cmake_args': None, 'cmake_clean_cache': False, 'cmake_clean_first': False, 'cmake_force_configure': False, 'cmake_target': None, 'cmake_target_skip_unavailable': False, 'install_base': '/home/eirik/ROS_PROJECTS/ROS_car_project/install/snapping_turtle', 'merge_install': False, 'path': '/home/eirik/ROS_PROJECTS/ROS_car_project/src/snapping_turtle', 'symlink_install': False, 'test_result_base': None}
[0.329s] Level 5:colcon.colcon_core.verb:set package 'snapping_turtle_2' build argument 'cmake_args' from command line to 'None'
[0.329s] Level 5:colcon.colcon_core.verb:set package 'snapping_turtle_2' build argument 'cmake_target' from command line to 'None'
[0.329s] Level 5:colcon.colcon_core.verb:set package 'snapping_turtle_2' build argument 'cmake_target_skip_unavailable' from command line to 'False'
[0.329s] Level 5:colcon.colcon_core.verb:set package 'snapping_turtle_2' build argument 'cmake_clean_cache' from command line to 'False'
[0.329s] Level 5:colcon.colcon_core.verb:set package 'snapping_turtle_2' build argument 'cmake_clean_first' from command line to 'False'
[0.329s] Level 5:colcon.colcon_core.verb:set package 'snapping_turtle_2' build argument 'cmake_force_configure' from command line to 'False'
[0.329s] Level 5:colcon.colcon_core.verb:set package 'snapping_turtle_2' build argument 'ament_cmake_args' from command line to 'None'
[0.329s] Level 5:colcon.colcon_core.verb:set package 'snapping_turtle_2' build argument 'catkin_cmake_args' from command line to 'None'
[0.329s] Level 5:colcon.colcon_core.verb:set package 'snapping_turtle_2' build argument 'catkin_skip_building_tests' from command line to 'False'
[0.329s] DEBUG:colcon.colcon_core.verb:Building package 'snapping_turtle_2' with the following arguments: {'ament_cmake_args': None, 'build_base': '/home/eirik/ROS_PROJECTS/ROS_car_project/build/snapping_turtle_2', 'catkin_cmake_args': None, 'catkin_skip_building_tests': False, 'cmake_args': None, 'cmake_clean_cache': False, 'cmake_clean_first': False, 'cmake_force_configure': False, 'cmake_target': None, 'cmake_target_skip_unavailable': False, 'install_base': '/home/eirik/ROS_PROJECTS/ROS_car_project/install/snapping_turtle_2', 'merge_install': False, 'path': '/home/eirik/ROS_PROJECTS/ROS_car_project/src/snapping_turtle_2', 'symlink_install': False, 'test_result_base': None}
[0.330s] Level 5:colcon.colcon_core.verb:set package 'turtlebot' build argument 'cmake_args' from command line to 'None'
[0.330s] Level 5:colcon.colcon_core.verb:set package 'turtlebot' build argument 'cmake_target' from command line to 'None'
[0.330s] Level 5:colcon.colcon_core.verb:set package 'turtlebot' build argument 'cmake_target_skip_unavailable' from command line to 'False'
[0.330s] Level 5:colcon.colcon_core.verb:set package 'turtlebot' build argument 'cmake_clean_cache' from command line to 'False'
[0.330s] Level 5:colcon.colcon_core.verb:set package 'turtlebot' build argument 'cmake_clean_first' from command line to 'False'
[0.330s] Level 5:colcon.colcon_core.verb:set package 'turtlebot' build argument 'cmake_force_configure' from command line to 'False'
[0.330s] Level 5:colcon.colcon_core.verb:set package 'turtlebot' build argument 'ament_cmake_args' from command line to 'None'
[0.330s] Level 5:colcon.colcon_core.verb:set package 'turtlebot' build argument 'catkin_cmake_args' from command line to 'None'
[0.330s] Level 5:colcon.colcon_core.verb:set package 'turtlebot' build argument 'catkin_skip_building_tests' from command line to 'False'
[0.330s] DEBUG:colcon.colcon_core.verb:Building package 'turtlebot' with the following arguments: {'ament_cmake_args': None, 'build_base': '/home/eirik/ROS_PROJECTS/ROS_car_project/build/turtlebot', 'catkin_cmake_args': None, 'catkin_skip_building_tests': False, 'cmake_args': None, 'cmake_clean_cache': False, 'cmake_clean_first': False, 'cmake_force_configure': False, 'cmake_target': None, 'cmake_target_skip_unavailable': False, 'install_base': '/home/eirik/ROS_PROJECTS/ROS_car_project/install/turtlebot', 'merge_install': False, 'path': '/home/eirik/ROS_PROJECTS/ROS_car_project/src/turtlebot', 'symlink_install': False, 'test_result_base': None}
[0.331s] Level 5:colcon.colcon_core.verb:set package 'turtlebot3_antmobile' build argument 'cmake_args' from command line to 'None'
[0.331s] Level 5:colcon.colcon_core.verb:set package 'turtlebot3_antmobile' build argument 'cmake_target' from command line to 'None'
[0.331s] Level 5:colcon.colcon_core.verb:set package 'turtlebot3_antmobile' build argument 'cmake_target_skip_unavailable' from command line to 'False'
[0.331s] Level 5:colcon.colcon_core.verb:set package 'turtlebot3_antmobile' build argument 'cmake_clean_cache' from command line to 'False'
[0.331s] Level 5:colcon.colcon_core.verb:set package 'turtlebot3_antmobile' build argument 'cmake_clean_first' from command line to 'False'
[0.331s] Level 5:colcon.colcon_core.verb:set package 'turtlebot3_antmobile' build argument 'cmake_force_configure' from command line to 'False'
[0.331s] Level 5:colcon.colcon_core.verb:set package 'turtlebot3_antmobile' build argument 'ament_cmake_args' from command line to 'None'
[0.331s] Level 5:colcon.colcon_core.verb:set package 'turtlebot3_antmobile' build argument 'catkin_cmake_args' from command line to 'None'
[0.331s] Level 5:colcon.colcon_core.verb:set package 'turtlebot3_antmobile' build argument 'catkin_skip_building_tests' from command line to 'False'
[0.331s] DEBUG:colcon.colcon_core.verb:Building package 'turtlebot3_antmobile' with the following arguments: {'ament_cmake_args': None, 'build_base': '/home/eirik/ROS_PROJECTS/ROS_car_project/build/turtlebot3_antmobile', 'catkin_cmake_args': None, 'catkin_skip_building_tests': False, 'cmake_args': None, 'cmake_clean_cache': False, 'cmake_clean_first': False, 'cmake_force_configure': False, 'cmake_target': None, 'cmake_target_skip_unavailable': False, 'install_base': '/home/eirik/ROS_PROJECTS/ROS_car_project/install/turtlebot3_antmobile', 'merge_install': False, 'path': '/home/eirik/ROS_PROJECTS/ROS_car_project/src/turtlebot3_antmobile', 'symlink_install': False, 'test_result_base': None}
[0.332s] INFO:colcon.colcon_core.executor:Executing jobs using 'parallel' executor
[0.335s] DEBUG:colcon.colcon_parallel_executor.executor.parallel:run_until_complete
[0.335s] INFO:colcon.colcon_ros.task.ament_python.build:Building ROS package in '/home/eirik/ROS_PROJECTS/ROS_car_project/src/snapping_turtle' with build type 'ament_python'
[0.335s] Level 1:colcon.colcon_core.shell:create_environment_hook('snapping_turtle', 'ament_prefix_path')
[0.341s] INFO:colcon.colcon_core.plugin_system:Skipping extension 'colcon_core.shell.bat': Not used on non-Windows systems
[0.341s] INFO:colcon.colcon_core.shell:Creating environment hook '/home/eirik/ROS_PROJECTS/ROS_car_project/install/snapping_turtle/share/snapping_turtle/hook/ament_prefix_path.ps1'
[0.342s] INFO:colcon.colcon_core.shell:Creating environment descriptor '/home/eirik/ROS_PROJECTS/ROS_car_project/install/snapping_turtle/share/snapping_turtle/hook/ament_prefix_path.dsv'
[0.343s] INFO:colcon.colcon_core.shell:Creating environment hook '/home/eirik/ROS_PROJECTS/ROS_car_project/install/snapping_turtle/share/snapping_turtle/hook/ament_prefix_path.sh'
[0.344s] INFO:colcon.colcon_core.shell:Skip shell extension 'powershell' for command environment: Not usable outside of PowerShell
[0.344s] DEBUG:colcon.colcon_core.shell:Skip shell extension 'dsv' for command environment
[0.349s] INFO:colcon.colcon_ros.task.ament_python.build:Building ROS package in '/home/eirik/ROS_PROJECTS/ROS_car_project/src/snapping_turtle_2' with build type 'ament_python'
[0.349s] Level 1:colcon.colcon_core.shell:create_environment_hook('snapping_turtle_2', 'ament_prefix_path')
[0.351s] INFO:colcon.colcon_core.shell:Creating environment hook '/home/eirik/ROS_PROJECTS/ROS_car_project/install/snapping_turtle_2/share/snapping_turtle_2/hook/ament_prefix_path.ps1'
[0.352s] INFO:colcon.colcon_core.shell:Creating environment descriptor '/home/eirik/ROS_PROJECTS/ROS_car_project/install/snapping_turtle_2/share/snapping_turtle_2/hook/ament_prefix_path.dsv'
[0.352s] INFO:colcon.colcon_core.shell:Creating environment hook '/home/eirik/ROS_PROJECTS/ROS_car_project/install/snapping_turtle_2/share/snapping_turtle_2/hook/ament_prefix_path.sh'
[0.353s] INFO:colcon.colcon_core.shell:Skip shell extension 'powershell' for command environment: Not usable outside of PowerShell
[0.354s] DEBUG:colcon.colcon_core.shell:Skip shell extension 'dsv' for command environment
[0.358s] INFO:colcon.colcon_ros.task.ament_python.build:Building ROS package in '/home/eirik/ROS_PROJECTS/ROS_car_project/src/turtlebot' with build type 'ament_python'
[0.358s] Level 1:colcon.colcon_core.shell:create_environment_hook('turtlebot', 'ament_prefix_path')
[0.359s] INFO:colcon.colcon_core.shell:Creating environment hook '/home/eirik/ROS_PROJECTS/ROS_car_project/install/turtlebot/share/turtlebot/hook/ament_prefix_path.ps1'
[0.360s] INFO:colcon.colcon_core.shell:Creating environment descriptor '/home/eirik/ROS_PROJECTS/ROS_car_project/install/turtlebot/share/turtlebot/hook/ament_prefix_path.dsv'
[0.361s] INFO:colcon.colcon_core.shell:Creating environment hook '/home/eirik/ROS_PROJECTS/ROS_car_project/install/turtlebot/share/turtlebot/hook/ament_prefix_path.sh'
[0.362s] INFO:colcon.colcon_core.shell:Skip shell extension 'powershell' for command environment: Not usable outside of PowerShell
[0.362s] DEBUG:colcon.colcon_core.shell:Skip shell extension 'dsv' for command environment
[0.366s] INFO:colcon.colcon_ros.task.ament_python.build:Building ROS package in '/home/eirik/ROS_PROJECTS/ROS_car_project/src/turtlebot3_antmobile' with build type 'ament_python'
[0.367s] Level 1:colcon.colcon_core.shell:create_environment_hook('turtlebot3_antmobile', 'ament_prefix_path')
[0.368s] INFO:colcon.colcon_core.shell:Creating environment hook '/home/eirik/ROS_PROJECTS/ROS_car_project/install/turtlebot3_antmobile/share/turtlebot3_antmobile/hook/ament_prefix_path.ps1'
[0.369s] INFO:colcon.colcon_core.shell:Creating environment descriptor '/home/eirik/ROS_PROJECTS/ROS_car_project/install/turtlebot3_antmobile/share/turtlebot3_antmobile/hook/ament_prefix_path.dsv'
[0.369s] INFO:colcon.colcon_core.shell:Creating environment hook '/home/eirik/ROS_PROJECTS/ROS_car_project/install/turtlebot3_antmobile/share/turtlebot3_antmobile/hook/ament_prefix_path.sh'
[0.370s] INFO:colcon.colcon_core.shell:Skip shell extension 'powershell' for command environment: Not usable outside of PowerShell
[0.370s] DEBUG:colcon.colcon_core.shell:Skip shell extension 'dsv' for command environment
[0.555s] INFO:colcon.colcon_core.task.python.build:Building Python package in '/home/eirik/ROS_PROJECTS/ROS_car_project/src/snapping_turtle'
[0.557s] INFO:colcon.colcon_core.shell:Skip shell extension 'powershell' for command environment: Not usable outside of PowerShell
[0.558s] DEBUG:colcon.colcon_core.shell:Skip shell extension 'dsv' for command environment
[0.747s] INFO:colcon.colcon_core.task.python.build:Building Python package in '/home/eirik/ROS_PROJECTS/ROS_car_project/src/snapping_turtle_2'
[0.750s] INFO:colcon.colcon_core.shell:Skip shell extension 'powershell' for command environment: Not usable outside of PowerShell
[0.750s] DEBUG:colcon.colcon_core.shell:Skip shell extension 'dsv' for command environment
[0.925s] INFO:colcon.colcon_core.task.python.build:Building Python package in '/home/eirik/ROS_PROJECTS/ROS_car_project/src/turtlebot'
[0.928s] INFO:colcon.colcon_core.shell:Skip shell extension 'powershell' for command environment: Not usable outside of PowerShell
[0.929s] DEBUG:colcon.colcon_core.shell:Skip shell extension 'dsv' for command environment
[1.113s] INFO:colcon.colcon_core.task.python.build:Building Python package in '/home/eirik/ROS_PROJECTS/ROS_car_project/src/turtlebot3_antmobile'
[1.116s] INFO:colcon.colcon_core.shell:Skip shell extension 'powershell' for command environment: Not usable outside of PowerShell
[1.116s] DEBUG:colcon.colcon_core.shell:Skip shell extension 'dsv' for command environment
[1.481s] DEBUG:colcon.colcon_core.event_handler.log_command:Invoking command in '/home/eirik/ROS_PROJECTS/ROS_car_project/src/turtlebot3_antmobile': PYTHONPATH=/home/eirik/ROS_PROJECTS/ROS_car_project/install/turtlebot3_antmobile/lib/python3.8/site-packages:${PYTHONPATH} /usr/bin/python3 setup.py egg_info --egg-base ../../build/turtlebot3_antmobile build --build-base /home/eirik/ROS_PROJECTS/ROS_car_project/build/turtlebot3_antmobile/build install --prefix /home/eirik/ROS_PROJECTS/ROS_car_project/install/turtlebot3_antmobile --record /home/eirik/ROS_PROJECTS/ROS_car_project/build/turtlebot3_antmobile/install.log --single-version-externally-managed
[1.488s] DEBUG:colcon.colcon_core.event_handler.log_command:Invoking command in '/home/eirik/ROS_PROJECTS/ROS_car_project/src/snapping_turtle_2': PYTHONPATH=/home/eirik/ROS_PROJECTS/ROS_car_project/install/snapping_turtle_2/lib/python3.8/site-packages:${PYTHONPATH} /usr/bin/python3 setup.py egg_info --egg-base ../../build/snapping_turtle_2 build --build-base /home/eirik/ROS_PROJECTS/ROS_car_project/build/snapping_turtle_2/build install --prefix /home/eirik/ROS_PROJECTS/ROS_car_project/install/snapping_turtle_2 --record /home/eirik/ROS_PROJECTS/ROS_car_project/build/snapping_turtle_2/install.log --single-version-externally-managed
[1.491s] DEBUG:colcon.colcon_core.event_handler.log_command:Invoking command in '/home/eirik/ROS_PROJECTS/ROS_car_project/src/snapping_turtle': PYTHONPATH=/home/eirik/ROS_PROJECTS/ROS_car_project/install/snapping_turtle/lib/python3.8/site-packages:${PYTHONPATH} /usr/bin/python3 setup.py egg_info --egg-base ../../build/snapping_turtle build --build-base /home/eirik/ROS_PROJECTS/ROS_car_project/build/snapping_turtle/build install --prefix /home/eirik/ROS_PROJECTS/ROS_car_project/install/snapping_turtle --record /home/eirik/ROS_PROJECTS/ROS_car_project/build/snapping_turtle/install.log --single-version-externally-managed
[1.495s] DEBUG:colcon.colcon_core.event_handler.log_command:Invoking command in '/home/eirik/ROS_PROJECTS/ROS_car_project/src/turtlebot': PYTHONPATH=/home/eirik/ROS_PROJECTS/ROS_car_project/install/turtlebot/lib/python3.8/site-packages:${PYTHONPATH} /usr/bin/python3 setup.py egg_info --egg-base ../../build/turtlebot build --build-base /home/eirik/ROS_PROJECTS/ROS_car_project/build/turtlebot/build install --prefix /home/eirik/ROS_PROJECTS/ROS_car_project/install/turtlebot --record /home/eirik/ROS_PROJECTS/ROS_car_project/build/turtlebot/install.log --single-version-externally-managed
[1.738s] DEBUG:colcon.colcon_core.event_handler.log_command:Invoked command in '/home/eirik/ROS_PROJECTS/ROS_car_project/src/snapping_turtle_2' returned '0': PYTHONPATH=/home/eirik/ROS_PROJECTS/ROS_car_project/install/snapping_turtle_2/lib/python3.8/site-packages:${PYTHONPATH} /usr/bin/python3 setup.py egg_info --egg-base ../../build/snapping_turtle_2 build --build-base /home/eirik/ROS_PROJECTS/ROS_car_project/build/snapping_turtle_2/build install --prefix /home/eirik/ROS_PROJECTS/ROS_car_project/install/snapping_turtle_2 --record /home/eirik/ROS_PROJECTS/ROS_car_project/build/snapping_turtle_2/install.log --single-version-externally-managed
[1.747s] Level 1:colcon.colcon_core.environment:checking '/home/eirik/ROS_PROJECTS/ROS_car_project/install/snapping_turtle_2' for CMake module files
[1.747s] Level 1:colcon.colcon_core.environment:checking '/home/eirik/ROS_PROJECTS/ROS_car_project/install/snapping_turtle_2' for CMake config files
[1.748s] Level 1:colcon.colcon_core.environment:checking '/home/eirik/ROS_PROJECTS/ROS_car_project/install/snapping_turtle_2/lib'
[1.748s] Level 1:colcon.colcon_core.environment:checking '/home/eirik/ROS_PROJECTS/ROS_car_project/install/snapping_turtle_2/bin'
[1.748s] Level 1:colcon.colcon_core.environment:checking '/home/eirik/ROS_PROJECTS/ROS_car_project/install/snapping_turtle_2/lib/pkgconfig/snapping_turtle_2.pc'
[1.748s] Level 1:colcon.colcon_core.environment:checking '/home/eirik/ROS_PROJECTS/ROS_car_project/install/snapping_turtle_2/lib/python3.8/site-packages'
[1.748s] Level 1:colcon.colcon_core.shell:create_environment_hook('snapping_turtle_2', 'pythonpath')
[1.749s] INFO:colcon.colcon_core.shell:Creating environment hook '/home/eirik/ROS_PROJECTS/ROS_car_project/install/snapping_turtle_2/share/snapping_turtle_2/hook/pythonpath.ps1'
[1.750s] INFO:colcon.colcon_core.shell:Creating environment descriptor '/home/eirik/ROS_PROJECTS/ROS_car_project/install/snapping_turtle_2/share/snapping_turtle_2/hook/pythonpath.dsv'
[1.750s] INFO:colcon.colcon_core.shell:Creating environment hook '/home/eirik/ROS_PROJECTS/ROS_car_project/install/snapping_turtle_2/share/snapping_turtle_2/hook/pythonpath.sh'
[1.750s] Level 1:colcon.colcon_core.environment:checking '/home/eirik/ROS_PROJECTS/ROS_car_project/install/snapping_turtle_2/bin'
[1.750s] Level 1:colcon.colcon_core.environment:create_environment_scripts_only(snapping_turtle_2)
[1.751s] INFO:colcon.colcon_core.shell:Creating package script '/home/eirik/ROS_PROJECTS/ROS_car_project/install/snapping_turtle_2/share/snapping_turtle_2/package.ps1'
[1.752s] INFO:colcon.colcon_core.shell:Creating package descriptor '/home/eirik/ROS_PROJECTS/ROS_car_project/install/snapping_turtle_2/share/snapping_turtle_2/package.dsv'
[1.752s] INFO:colcon.colcon_core.shell:Creating package script '/home/eirik/ROS_PROJECTS/ROS_car_project/install/snapping_turtle_2/share/snapping_turtle_2/package.sh'
[1.753s] INFO:colcon.colcon_core.shell:Creating package script '/home/eirik/ROS_PROJECTS/ROS_car_project/install/snapping_turtle_2/share/snapping_turtle_2/package.bash'
[1.754s] INFO:colcon.colcon_core.shell:Creating package script '/home/eirik/ROS_PROJECTS/ROS_car_project/install/snapping_turtle_2/share/snapping_turtle_2/package.zsh'
[1.754s] Level 1:colcon.colcon_core.environment:create_file_with_runtime_dependencies(/home/eirik/ROS_PROJECTS/ROS_car_project/install/snapping_turtle_2/share/colcon-core/packages/snapping_turtle_2)
[1.756s] Level 1:colcon.colcon_core.environment:checking '/home/eirik/ROS_PROJECTS/ROS_car_project/install/snapping_turtle' for CMake module files
[1.758s] Level 1:colcon.colcon_core.environment:checking '/home/eirik/ROS_PROJECTS/ROS_car_project/install/snapping_turtle' for CMake config files
[1.758s] DEBUG:colcon.colcon_core.event_handler.log_command:Invoked command in '/home/eirik/ROS_PROJECTS/ROS_car_project/src/snapping_turtle' returned '0': PYTHONPATH=/home/eirik/ROS_PROJECTS/ROS_car_project/install/snapping_turtle/lib/python3.8/site-packages:${PYTHONPATH} /usr/bin/python3 setup.py egg_info --egg-base ../../build/snapping_turtle build --build-base /home/eirik/ROS_PROJECTS/ROS_car_project/build/snapping_turtle/build install --prefix /home/eirik/ROS_PROJECTS/ROS_car_project/install/snapping_turtle --record /home/eirik/ROS_PROJECTS/ROS_car_project/build/snapping_turtle/install.log --single-version-externally-managed
[1.759s] Level 1:colcon.colcon_core.environment:checking '/home/eirik/ROS_PROJECTS/ROS_car_project/install/snapping_turtle/lib'
[1.759s] Level 1:colcon.colcon_core.environment:checking '/home/eirik/ROS_PROJECTS/ROS_car_project/install/snapping_turtle/bin'
[1.759s] Level 1:colcon.colcon_core.environment:checking '/home/eirik/ROS_PROJECTS/ROS_car_project/install/snapping_turtle/lib/pkgconfig/snapping_turtle.pc'
[1.760s] Level 1:colcon.colcon_core.environment:checking '/home/eirik/ROS_PROJECTS/ROS_car_project/install/snapping_turtle/lib/python3.8/site-packages'
[1.760s] Level 1:colcon.colcon_core.shell:create_environment_hook('snapping_turtle', 'pythonpath')
[1.762s] INFO:colcon.colcon_core.shell:Creating environment hook '/home/eirik/ROS_PROJECTS/ROS_car_project/install/snapping_turtle/share/snapping_turtle/hook/pythonpath.ps1'
[1.763s] INFO:colcon.colcon_core.shell:Creating environment descriptor '/home/eirik/ROS_PROJECTS/ROS_car_project/install/snapping_turtle/share/snapping_turtle/hook/pythonpath.dsv'
[1.764s] INFO:colcon.colcon_core.shell:Creating environment hook '/home/eirik/ROS_PROJECTS/ROS_car_project/install/snapping_turtle/share/snapping_turtle/hook/pythonpath.sh'
[1.765s] Level 1:colcon.colcon_core.environment:checking '/home/eirik/ROS_PROJECTS/ROS_car_project/install/snapping_turtle/bin'
[1.765s] Level 1:colcon.colcon_core.environment:create_environment_scripts_only(snapping_turtle)
[1.767s] INFO:colcon.colcon_core.shell:Creating package script '/home/eirik/ROS_PROJECTS/ROS_car_project/install/snapping_turtle/share/snapping_turtle/package.ps1'
[1.768s] INFO:colcon.colcon_core.shell:Creating package descriptor '/home/eirik/ROS_PROJECTS/ROS_car_project/install/snapping_turtle/share/snapping_turtle/package.dsv'
[1.768s] INFO:colcon.colcon_core.shell:Creating package script '/home/eirik/ROS_PROJECTS/ROS_car_project/install/snapping_turtle/share/snapping_turtle/package.sh'
[1.769s] INFO:colcon.colcon_core.shell:Creating package script '/home/eirik/ROS_PROJECTS/ROS_car_project/install/snapping_turtle/share/snapping_turtle/package.bash'
[1.769s] INFO:colcon.colcon_core.shell:Creating package script '/home/eirik/ROS_PROJECTS/ROS_car_project/install/snapping_turtle/share/snapping_turtle/package.zsh'
[1.769s] Level 1:colcon.colcon_core.environment:create_file_with_runtime_dependencies(/home/eirik/ROS_PROJECTS/ROS_car_project/install/snapping_turtle/share/colcon-core/packages/snapping_turtle)
[1.771s] Level 1:colcon.colcon_core.environment:checking '/home/eirik/ROS_PROJECTS/ROS_car_project/install/turtlebot3_antmobile' for CMake module files
[1.772s] DEBUG:colcon.colcon_core.event_handler.log_command:Invoked command in '/home/eirik/ROS_PROJECTS/ROS_car_project/src/turtlebot3_antmobile' returned '0': PYTHONPATH=/home/eirik/ROS_PROJECTS/ROS_car_project/install/turtlebot3_antmobile/lib/python3.8/site-packages:${PYTHONPATH} /usr/bin/python3 setup.py egg_info --egg-base ../../build/turtlebot3_antmobile build --build-base /home/eirik/ROS_PROJECTS/ROS_car_project/build/turtlebot3_antmobile/build install --prefix /home/eirik/ROS_PROJECTS/ROS_car_project/install/turtlebot3_antmobile --record /home/eirik/ROS_PROJECTS/ROS_car_project/build/turtlebot3_antmobile/install.log --single-version-externally-managed
[1.772s] Level 1:colcon.colcon_core.environment:checking '/home/eirik/ROS_PROJECTS/ROS_car_project/install/turtlebot3_antmobile' for CMake config files
[1.773s] Level 1:colcon.colcon_core.environment:checking '/home/eirik/ROS_PROJECTS/ROS_car_project/install/turtlebot3_antmobile/lib'
[1.773s] Level 1:colcon.colcon_core.environment:checking '/home/eirik/ROS_PROJECTS/ROS_car_project/install/turtlebot3_antmobile/bin'
[1.773s] Level 1:colcon.colcon_core.environment:checking '/home/eirik/ROS_PROJECTS/ROS_car_project/install/turtlebot3_antmobile/lib/pkgconfig/turtlebot3_antmobile.pc'
[1.773s] Level 1:colcon.colcon_core.environment:checking '/home/eirik/ROS_PROJECTS/ROS_car_project/install/turtlebot3_antmobile/lib/python3.8/site-packages'
[1.773s] Level 1:colcon.colcon_core.shell:create_environment_hook('turtlebot3_antmobile', 'pythonpath')
[1.774s] INFO:colcon.colcon_core.shell:Creating environment hook '/home/eirik/ROS_PROJECTS/ROS_car_project/install/turtlebot3_antmobile/share/turtlebot3_antmobile/hook/pythonpath.ps1'
[1.774s] INFO:colcon.colcon_core.shell:Creating environment descriptor '/home/eirik/ROS_PROJECTS/ROS_car_project/install/turtlebot3_antmobile/share/turtlebot3_antmobile/hook/pythonpath.dsv'
[1.774s] INFO:colcon.colcon_core.shell:Creating environment hook '/home/eirik/ROS_PROJECTS/ROS_car_project/install/turtlebot3_antmobile/share/turtlebot3_antmobile/hook/pythonpath.sh'
[1.775s] Level 1:colcon.colcon_core.environment:checking '/home/eirik/ROS_PROJECTS/ROS_car_project/install/turtlebot3_antmobile/bin'
[1.775s] Level 1:colcon.colcon_core.environment:create_environment_scripts_only(turtlebot3_antmobile)
[1.776s] INFO:colcon.colcon_core.shell:Creating package script '/home/eirik/ROS_PROJECTS/ROS_car_project/install/turtlebot3_antmobile/share/turtlebot3_antmobile/package.ps1'
[1.776s] INFO:colcon.colcon_core.shell:Creating package descriptor '/home/eirik/ROS_PROJECTS/ROS_car_project/install/turtlebot3_antmobile/share/turtlebot3_antmobile/package.dsv'
[1.777s] INFO:colcon.colcon_core.shell:Creating package script '/home/eirik/ROS_PROJECTS/ROS_car_project/install/turtlebot3_antmobile/share/turtlebot3_antmobile/package.sh'
[1.777s] INFO:colcon.colcon_core.shell:Creating package script '/home/eirik/ROS_PROJECTS/ROS_car_project/install/turtlebot3_antmobile/share/turtlebot3_antmobile/package.bash'
[1.777s] INFO:colcon.colcon_core.shell:Creating package script '/home/eirik/ROS_PROJECTS/ROS_car_project/install/turtlebot3_antmobile/share/turtlebot3_antmobile/package.zsh'
[1.777s] Level 1:colcon.colcon_core.environment:create_file_with_runtime_dependencies(/home/eirik/ROS_PROJECTS/ROS_car_project/install/turtlebot3_antmobile/share/colcon-core/packages/turtlebot3_antmobile)
[1.779s] Level 1:colcon.colcon_core.environment:checking '/home/eirik/ROS_PROJECTS/ROS_car_project/install/turtlebot' for CMake module files
[1.779s] Level 1:colcon.colcon_core.environment:checking '/home/eirik/ROS_PROJECTS/ROS_car_project/install/turtlebot' for CMake config files
[1.780s] DEBUG:colcon.colcon_core.event_handler.log_command:Invoked command in '/home/eirik/ROS_PROJECTS/ROS_car_project/src/turtlebot' returned '0': PYTHONPATH=/home/eirik/ROS_PROJECTS/ROS_car_project/install/turtlebot/lib/python3.8/site-packages:${PYTHONPATH} /usr/bin/python3 setup.py egg_info --egg-base ../../build/turtlebot build --build-base /home/eirik/ROS_PROJECTS/ROS_car_project/build/turtlebot/build install --prefix /home/eirik/ROS_PROJECTS/ROS_car_project/install/turtlebot --record /home/eirik/ROS_PROJECTS/ROS_car_project/build/turtlebot/install.log --single-version-externally-managed
[1.780s] Level 1:colcon.colcon_core.environment:checking '/home/eirik/ROS_PROJECTS/ROS_car_project/install/turtlebot/lib'
[1.780s] Level 1:colcon.colcon_core.environment:checking '/home/eirik/ROS_PROJECTS/ROS_car_project/install/turtlebot/bin'
[1.780s] Level 1:colcon.colcon_core.environment:checking '/home/eirik/ROS_PROJECTS/ROS_car_project/install/turtlebot/lib/pkgconfig/turtlebot.pc'
[1.781s] Level 1:colcon.colcon_core.environment:checking '/home/eirik/ROS_PROJECTS/ROS_car_project/install/turtlebot/lib/python3.8/site-packages'
[1.781s] Level 1:colcon.colcon_core.shell:create_environment_hook('turtlebot', 'pythonpath')
[1.782s] INFO:colcon.colcon_core.shell:Creating environment hook '/home/eirik/ROS_PROJECTS/ROS_car_project/install/turtlebot/share/turtlebot/hook/pythonpath.ps1'
[1.782s] INFO:colcon.colcon_core.shell:Creating environment descriptor '/home/eirik/ROS_PROJECTS/ROS_car_project/install/turtlebot/share/turtlebot/hook/pythonpath.dsv'
[1.782s] INFO:colcon.colcon_core.shell:Creating environment hook '/home/eirik/ROS_PROJECTS/ROS_car_project/install/turtlebot/share/turtlebot/hook/pythonpath.sh'
[1.782s] Level 1:colcon.colcon_core.environment:checking '/home/eirik/ROS_PROJECTS/ROS_car_project/install/turtlebot/bin'
[1.782s] Level 1:colcon.colcon_core.environment:create_environment_scripts_only(turtlebot)
[1.783s] INFO:colcon.colcon_core.shell:Creating package script '/home/eirik/ROS_PROJECTS/ROS_car_project/install/turtlebot/share/turtlebot/package.ps1'
[1.784s] INFO:colcon.colcon_core.shell:Creating package descriptor '/home/eirik/ROS_PROJECTS/ROS_car_project/install/turtlebot/share/turtlebot/package.dsv'
[1.784s] INFO:colcon.colcon_core.shell:Creating package script '/home/eirik/ROS_PROJECTS/ROS_car_project/install/turtlebot/share/turtlebot/package.sh'
[1.784s] INFO:colcon.colcon_core.shell:Creating package script '/home/eirik/ROS_PROJECTS/ROS_car_project/install/turtlebot/share/turtlebot/package.bash'
[1.784s] INFO:colcon.colcon_core.shell:Creating package script '/home/eirik/ROS_PROJECTS/ROS_car_project/install/turtlebot/share/turtlebot/package.zsh'
[1.785s] Level 1:colcon.colcon_core.environment:create_file_with_runtime_dependencies(/home/eirik/ROS_PROJECTS/ROS_car_project/install/turtlebot/share/colcon-core/packages/turtlebot)
[1.785s] DEBUG:colcon.colcon_parallel_executor.executor.parallel:closing loop
[1.785s] DEBUG:colcon.colcon_parallel_executor.executor.parallel:loop closed
[1.785s] DEBUG:colcon.colcon_parallel_executor.executor.parallel:run_until_complete finished with '0'
[1.785s] DEBUG:colcon.colcon_core.event_reactor:joining thread
[1.796s] INFO:colcon.colcon_core.plugin_system:Skipping extension 'colcon_notification.desktop_notification.terminal_notifier': Not used on non-Darwin systems
[1.796s] INFO:colcon.colcon_core.plugin_system:Skipping extension 'colcon_notification.desktop_notification.win32': Not used on non-Windows systems
[1.796s] INFO:colcon.colcon_notification.desktop_notification:Sending desktop notification using 'notify2'
[1.825s] DEBUG:colcon.colcon_core.event_reactor:joined thread
[1.828s] INFO:colcon.colcon_core.shell:Creating prefix script '/home/eirik/ROS_PROJECTS/ROS_car_project/install/local_setup.ps1'
[1.830s] INFO:colcon.colcon_core.shell:Creating prefix util module '/home/eirik/ROS_PROJECTS/ROS_car_project/install/_local_setup_util_ps1.py'
[1.833s] INFO:colcon.colcon_core.shell:Creating prefix chain script '/home/eirik/ROS_PROJECTS/ROS_car_project/install/setup.ps1'
[1.836s] INFO:colcon.colcon_core.shell:Creating prefix script '/home/eirik/ROS_PROJECTS/ROS_car_project/install/local_setup.sh'
[1.836s] INFO:colcon.colcon_core.shell:Creating prefix util module '/home/eirik/ROS_PROJECTS/ROS_car_project/install/_local_setup_util_sh.py'
[1.836s] INFO:colcon.colcon_core.shell:Creating prefix chain script '/home/eirik/ROS_PROJECTS/ROS_car_project/install/setup.sh'
[1.838s] INFO:colcon.colcon_core.shell:Creating prefix script '/home/eirik/ROS_PROJECTS/ROS_car_project/install/local_setup.bash'
[1.838s] INFO:colcon.colcon_core.shell:Creating prefix chain script '/home/eirik/ROS_PROJECTS/ROS_car_project/install/setup.bash'
[1.839s] INFO:colcon.colcon_core.shell:Creating prefix script '/home/eirik/ROS_PROJECTS/ROS_car_project/install/local_setup.zsh'
[1.840s] INFO:colcon.colcon_core.shell:Creating prefix chain script '/home/eirik/ROS_PROJECTS/ROS_car_project/install/setup.zsh'
