[1.761s] Invoking command in '/home/eirik/ROS_PROJECTS/ROS_car_project/src/turtlebot': PYTHONPATH=/home/eirik/ROS_PROJECTS/ROS_car_project/install/turtlebot/lib/python3.8/site-packages:${PYTHONPATH} /usr/bin/python3 setup.py egg_info --egg-base ../../build/turtlebot build --build-base /home/eirik/ROS_PROJECTS/ROS_car_project/build/turtlebot/build install --prefix /home/eirik/ROS_PROJECTS/ROS_car_project/install/turtlebot --record /home/eirik/ROS_PROJECTS/ROS_car_project/build/turtlebot/install.log --single-version-externally-managed
[2.043s] running egg_info
[2.044s] writing ../../build/turtlebot/turtlebot.egg-info/PKG-INFO
[2.044s] writing dependency_links to ../../build/turtlebot/turtlebot.egg-info/dependency_links.txt
[2.045s] writing entry points to ../../build/turtlebot/turtlebot.egg-info/entry_points.txt
[2.045s] writing requirements to ../../build/turtlebot/turtlebot.egg-info/requires.txt
[2.045s] writing top-level names to ../../build/turtlebot/turtlebot.egg-info/top_level.txt
[2.115s] reading manifest file '../../build/turtlebot/turtlebot.egg-info/SOURCES.txt'
[2.116s] writing manifest file '../../build/turtlebot/turtlebot.egg-info/SOURCES.txt'
[2.117s] running build
[2.117s] running build_py
[2.117s] copying turtlebot/turtlebot_controller_publisher.py -> /home/eirik/ROS_PROJECTS/ROS_car_project/build/turtlebot/build/lib/turtlebot
[2.118s] running install
[2.118s] running install_lib
[2.119s] copying /home/eirik/ROS_PROJECTS/ROS_car_project/build/turtlebot/build/lib/turtlebot/turtlebot_controller_publisher.py -> /home/eirik/ROS_PROJECTS/ROS_car_project/install/turtlebot/lib/python3.8/site-packages/turtlebot
[2.120s] byte-compiling /home/eirik/ROS_PROJECTS/ROS_car_project/install/turtlebot/lib/python3.8/site-packages/turtlebot/turtlebot_controller_publisher.py to turtlebot_controller_publisher.cpython-38.pyc
[2.122s] running install_data
[2.123s] running install_egg_info
[2.128s] removing '/home/eirik/ROS_PROJECTS/ROS_car_project/install/turtlebot/lib/python3.8/site-packages/turtlebot-0.0.0-py3.8.egg-info' (and everything under it)
[2.128s] Copying ../../build/turtlebot/turtlebot.egg-info to /home/eirik/ROS_PROJECTS/ROS_car_project/install/turtlebot/lib/python3.8/site-packages/turtlebot-0.0.0-py3.8.egg-info
[2.128s] running install_scripts
[2.154s] Installing turtlebot_controller_publisher script to /home/eirik/ROS_PROJECTS/ROS_car_project/install/turtlebot/lib/turtlebot
[2.155s] writing list of installed files to '/home/eirik/ROS_PROJECTS/ROS_car_project/build/turtlebot/install.log'
[2.202s] Invoked command in '/home/eirik/ROS_PROJECTS/ROS_car_project/src/turtlebot' returned '0': PYTHONPATH=/home/eirik/ROS_PROJECTS/ROS_car_project/install/turtlebot/lib/python3.8/site-packages:${PYTHONPATH} /usr/bin/python3 setup.py egg_info --egg-base ../../build/turtlebot build --build-base /home/eirik/ROS_PROJECTS/ROS_car_project/build/turtlebot/build install --prefix /home/eirik/ROS_PROJECTS/ROS_car_project/install/turtlebot --record /home/eirik/ROS_PROJECTS/ROS_car_project/build/turtlebot/install.log --single-version-externally-managed
