[1.786s] Invoking command in '/home/eirik/ROS_PROJECTS/ROS_car_project/src/turtlebot': PYTHONPATH=/home/eirik/ROS_PROJECTS/ROS_car_project/install/turtlebot/lib/python3.8/site-packages:${PYTHONPATH} /usr/bin/python3 setup.py egg_info --egg-base ../../build/turtlebot build --build-base /home/eirik/ROS_PROJECTS/ROS_car_project/build/turtlebot/build install --prefix /home/eirik/ROS_PROJECTS/ROS_car_project/install/turtlebot --record /home/eirik/ROS_PROJECTS/ROS_car_project/build/turtlebot/install.log --single-version-externally-managed
[2.065s] running egg_info
[2.065s] writing ../../build/turtlebot/turtlebot.egg-info/PKG-INFO
[2.066s] writing dependency_links to ../../build/turtlebot/turtlebot.egg-info/dependency_links.txt
[2.066s] writing entry points to ../../build/turtlebot/turtlebot.egg-info/entry_points.txt
[2.066s] writing requirements to ../../build/turtlebot/turtlebot.egg-info/requires.txt
[2.066s] writing top-level names to ../../build/turtlebot/turtlebot.egg-info/top_level.txt
[2.111s] reading manifest file '../../build/turtlebot/turtlebot.egg-info/SOURCES.txt'
[2.112s] writing manifest file '../../build/turtlebot/turtlebot.egg-info/SOURCES.txt'
[2.112s] running build
[2.112s] running build_py
[2.113s] copying turtlebot/turtlebot_controller_publisher.py -> /home/eirik/ROS_PROJECTS/ROS_car_project/build/turtlebot/build/lib/turtlebot
[2.113s] running install
[2.114s] running install_lib
[2.116s] copying /home/eirik/ROS_PROJECTS/ROS_car_project/build/turtlebot/build/lib/turtlebot/turtlebot_controller_publisher.py -> /home/eirik/ROS_PROJECTS/ROS_car_project/install/turtlebot/lib/python3.8/site-packages/turtlebot
[2.117s] byte-compiling /home/eirik/ROS_PROJECTS/ROS_car_project/install/turtlebot/lib/python3.8/site-packages/turtlebot/turtlebot_controller_publisher.py to turtlebot_controller_publisher.cpython-38.pyc
[2.119s] running install_data
[2.120s] running install_egg_info
[2.122s] removing '/home/eirik/ROS_PROJECTS/ROS_car_project/install/turtlebot/lib/python3.8/site-packages/turtlebot-0.0.0-py3.8.egg-info' (and everything under it)
[2.122s] Copying ../../build/turtlebot/turtlebot.egg-info to /home/eirik/ROS_PROJECTS/ROS_car_project/install/turtlebot/lib/python3.8/site-packages/turtlebot-0.0.0-py3.8.egg-info
[2.123s] running install_scripts
[2.149s] Installing turtlebot_controller_publisher script to /home/eirik/ROS_PROJECTS/ROS_car_project/install/turtlebot/lib/turtlebot
[2.149s] writing list of installed files to '/home/eirik/ROS_PROJECTS/ROS_car_project/build/turtlebot/install.log'
[2.198s] Invoked command in '/home/eirik/ROS_PROJECTS/ROS_car_project/src/turtlebot' returned '0': PYTHONPATH=/home/eirik/ROS_PROJECTS/ROS_car_project/install/turtlebot/lib/python3.8/site-packages:${PYTHONPATH} /usr/bin/python3 setup.py egg_info --egg-base ../../build/turtlebot build --build-base /home/eirik/ROS_PROJECTS/ROS_car_project/build/turtlebot/build install --prefix /home/eirik/ROS_PROJECTS/ROS_car_project/install/turtlebot --record /home/eirik/ROS_PROJECTS/ROS_car_project/build/turtlebot/install.log --single-version-externally-managed
